This is pdfTeX, Version 3.141592653-2.6-1.40.28 (MiKTeX 25.12) (preloaded format=pdflatex 2026.2.24)  24 FEB 2026 19:43
entering extended mode
 restricted \write18 enabled.
 %&-line parsing enabled.
**./main.tex
(main.tex
LaTeX2e <2025-11-01>
L3 programming layer <2025-12-24>
(C:\Users\mzubayer\AppData\Local\Programs\MiKTeX\tex/latex/base\report.cls
Document Class: report 2025/01/22 v1.4n Standard LaTeX document class
(C:\Users\mzubayer\AppData\Local\Programs\MiKTeX\tex/latex/base\size12.clo
File: size12.clo 2025/01/22 v1.4n Standard LaTeX file (size option)
)
\c@part=\count275
\c@chapter=\count276
\c@section=\count277
\c@subsection=\count278
\c@subsubsection=\count279
\c@paragraph=\count280
\c@subparagraph=\count281
\c@figure=\count282
\c@table=\count283
\abovecaptionskip=\skip49
\belowcaptionskip=\skip50
\bibindent=\dimen148
)
(seucseresearchfinal.sty
(C:\Users\mzubayer\AppData\Local\Programs\MiKTeX\tex/latex/graphics\graphicx.st
y
Package: graphicx 2024/12/31 v1.2e Enhanced LaTeX Graphics (DPC,SPQR)

(C:\Users\mzubayer\AppData\Local\Programs\MiKTeX\tex/latex/graphics\keyval.sty
Package: keyval 2022/05/29 v1.15 key=value parser (DPC)
\KV@toks@=\toks17
)
(C:\Users\mzubayer\AppData\Local\Programs\MiKTeX\tex/latex/graphics\graphics.st
y
Package: graphics 2024/08/06 v1.4g Standard LaTeX Graphics (DPC,SPQR)
 (C:\Users\mzubayer\AppData\Local\Programs\MiKTeX\tex/latex/graphics\trig.sty
Package: trig 2023/12/02 v1.11 sin cos tan (DPC)
)
(C:\Users\mzubayer\AppData\Local\Programs\MiKTeX\tex/latex/graphics-cfg\graphic
s.cfg
File: graphics.cfg 2016/06/04 v1.11 sample graphics configuration
)
Package graphics Info: Driver file: pdftex.def on input line 106.

(C:\Users\mzubayer\AppData\Local\Programs\MiKTeX\tex/latex/graphics-def\pdftex.
def
File: pdftex.def 2025/09/29 v1.2d Graphics/color driver for pdftex
))
\Gin@req@height=\dimen149
\Gin@req@width=\dimen150
)
(C:\Users\mzubayer\AppData\Local\Programs\MiKTeX\tex/latex/multirow\multirow.st
y
Package: multirow 2024/11/12 v2.9 Span multiple rows of a table
\multirow@colwidth=\skip51
\multirow@cntb=\count284
\multirow@dima=\skip52
\bigstrutjot=\dimen151
)
(C:\Users\mzubayer\AppData\Local\Programs\MiKTeX\tex/latex/tools\longtable.sty
Package: longtable 2025-10-13 v4.24 Multi-page Table package (DPC)
\LTleft=\skip53
\LTright=\skip54
\LTpre=\skip55
\LTpost=\skip56
\LTchunksize=\count285
\LTcapwidth=\dimen152
\LT@head=\box53
\LT@firsthead=\box54
\LT@foot=\box55
\LT@lastfoot=\box56
\LT@gbox=\box57
\LT@cols=\count286
\LT@rows=\count287
\c@LT@tables=\count288
\c@LT@chunks=\count289
\LT@p@ftn=\toks18
)
(C:\Users\mzubayer\AppData\Local\Programs\MiKTeX\tex/latex/algorithm2e\algorith
m2e.sty
Package: algorithm2e 2017/07/18 v5.2 algorithms environments
\c@AlgoLine=\count290

(C:\Users\mzubayer\AppData\Local\Programs\MiKTeX\tex/latex/base\ifthen.sty
Package: ifthen 2024/03/16 v1.1e Standard LaTeX ifthen package (DPC)
)
\algocf@hangindent=\skip57

(C:\Users\mzubayer\AppData\Local\Programs\MiKTeX\tex/latex/ifoddpage\ifoddpage.
sty
Package: ifoddpage 2022/10/18 v1.2 Conditionals for odd/even page detection
\c@checkoddpage=\count291
)
(C:\Users\mzubayer\AppData\Local\Programs\MiKTeX\tex/latex/tools\xspace.sty
Package: xspace 2014/10/28 v1.13 Space after command names (DPC,MH)
)
(C:\Users\mzubayer\AppData\Local\Programs\MiKTeX\tex/latex/relsize\relsize.sty
Package: relsize 2013/03/29 ver 4.1
)
\skiptotal=\skip58
\skiplinenumber=\skip59
\skiprule=\skip60
\skiphlne=\skip61
\skiptext=\skip62
\skiplength=\skip63
\algomargin=\skip64
\skipalgocfslide=\skip65
\algowidth=\dimen153
\inoutsize=\dimen154
\inoutindent=\dimen155
\interspacetitleruled=\dimen156
\interspacealgoruled=\dimen157
\interspacetitleboxruled=\dimen158
\algocf@ruledwidth=\skip66
\algocf@inoutbox=\box58
\algocf@inputbox=\box59
\AlCapSkip=\skip67
\AlCapHSkip=\skip68
\algoskipindent=\skip69
\algocf@nlbox=\box60
\algocf@hangingbox=\box61
\algocf@untilbox=\box62
\algocf@skipuntil=\skip70
\algocf@capbox=\box63
\algocf@lcaptionbox=\skip71
\algoheightruledefault=\skip72
\algoheightrule=\skip73
\algotitleheightruledefault=\skip74
\algotitleheightrule=\skip75
\c@algocfline=\count292
\c@algocfproc=\count293
\c@algocf=\count294
\algocf@algoframe=\box64
\algocf@algobox=\box65
)
\c@func=\count295
 (C:\Users\mzubayer\AppData\Local\Programs\MiKTeX\tex/latex/amscls\amsthm.sty
Package: amsthm 2020/05/29 v2.20.6
\thm@style=\toks19
\thm@bodyfont=\toks20
\thm@headfont=\toks21
\thm@notefont=\toks22
\thm@headpunct=\toks23
\thm@preskip=\skip76
\thm@postskip=\skip77
\thm@headsep=\skip78
\dth@everypar=\toks24
) (C:\Users\mzubayer\AppData\Local\Programs\MiKTeX\tex/latex/amsmath\amsmath.st
y
Package: amsmath 2025/07/09 v2.17z AMS math features
\@mathmargin=\skip79
For additional information on amsmath, use the `?' option.
(C:\Users\mzubayer\AppData\Local\Programs\MiKTeX\tex/latex/amsmath\amstext.sty
Package: amstext 2024/11/17 v2.01 AMS text

(C:\Users\mzubayer\AppData\Local\Programs\MiKTeX\tex/latex/amsmath\amsgen.sty
File: amsgen.sty 1999/11/30 v2.0 generic functions
\@emptytoks=\toks25
\ex@=\dimen159
)) (C:\Users\mzubayer\AppData\Local\Programs\MiKTeX\tex/latex/amsmath\amsbsy.st
y
Package: amsbsy 1999/11/29 v1.2d Bold Symbols
\pmbraise@=\dimen160
) (C:\Users\mzubayer\AppData\Local\Programs\MiKTeX\tex/latex/amsmath\amsopn.sty
Package: amsopn 2022/04/08 v2.04 operator names
)
\inf@bad=\count296
LaTeX Info: Redefining \frac on input line 233.
\uproot@=\count297
\leftroot@=\count298
LaTeX Info: Redefining \overline on input line 398.
LaTeX Info: Redefining \colon on input line 409.
\classnum@=\count299
\DOTSCASE@=\count300
LaTeX Info: Redefining \ldots on input line 495.
LaTeX Info: Redefining \dots on input line 498.
LaTeX Info: Redefining \cdots on input line 619.
\Mathstrutbox@=\box66
\strutbox@=\box67
LaTeX Info: Redefining \big on input line 721.
LaTeX Info: Redefining \Big on input line 722.
LaTeX Info: Redefining \bigg on input line 723.
LaTeX Info: Redefining \Bigg on input line 724.
\big@size=\dimen161
LaTeX Font Info:    Redeclaring font encoding OML on input line 742.
LaTeX Font Info:    Redeclaring font encoding OMS on input line 743.
\macc@depth=\count301
LaTeX Info: Redefining \bmod on input line 904.
LaTeX Info: Redefining \pmod on input line 909.
LaTeX Info: Redefining \smash on input line 939.
LaTeX Info: Redefining \relbar on input line 969.
LaTeX Info: Redefining \Relbar on input line 970.
\c@MaxMatrixCols=\count302
\dotsspace@=\muskip17
\c@parentequation=\count303
\dspbrk@lvl=\count304
\tag@help=\toks26
\row@=\count305
\column@=\count306
\maxfields@=\count307
\andhelp@=\toks27
\eqnshift@=\dimen162
\alignsep@=\dimen163
\tagshift@=\dimen164
\tagwidth@=\dimen165
\totwidth@=\dimen166
\lineht@=\dimen167
\@envbody=\toks28
\multlinegap=\skip80
\multlinetaggap=\skip81
\mathdisplay@stack=\toks29
LaTeX Info: Redefining \[ on input line 2950.
LaTeX Info: Redefining \] on input line 2951.
)
(C:\Users\mzubayer\AppData\Local\Programs\MiKTeX\tex/latex/geometry\geometry.st
y
Package: geometry 2020/01/02 v5.9 Page Geometry
 (C:\Users\mzubayer\AppData\Local\Programs\MiKTeX\tex/generic/iftex\ifvtex.sty
Package: ifvtex 2019/10/25 v1.7 ifvtex legacy package. Use iftex instead.
(C:\Users\mzubayer\AppData\Local\Programs\MiKTeX\tex/generic/iftex\iftex.sty
Package: iftex 2024/12/12 v1.0g TeX engine tests
))
\Gm@cnth=\count308
\Gm@cntv=\count309
\c@Gm@tempcnt=\count310
\Gm@bindingoffset=\dimen168
\Gm@wd@mp=\dimen169
\Gm@odd@mp=\dimen170
\Gm@even@mp=\dimen171
\Gm@layoutwidth=\dimen172
\Gm@layoutheight=\dimen173
\Gm@layouthoffset=\dimen174
\Gm@layoutvoffset=\dimen175
\Gm@dimlist=\toks30

(C:\Users\mzubayer\AppData\Local\Programs\MiKTeX\tex/latex/geometry\geometry.cf
g)) (C:\Users\mzubayer\AppData\Local\Programs\MiKTeX\tex/latex/psnfss\times.sty
Package: times 2020/03/25 PSNFSS-v9.3 (SPQR) 
) (C:\Users\mzubayer\AppData\Local\Programs\MiKTeX\tex/latex/svg\svg.sty
Package: svg 2020/11/26 v2.02k (include SVG pictures)

(C:\Users\mzubayer\AppData\Local\Programs\MiKTeX\tex/latex/koma-script\scrbase.
sty
Package: scrbase 2026/02/02 v3.49.2 KOMA-Script package (KOMA-Script-independen
t basics and keyval usage)

(C:\Users\mzubayer\AppData\Local\Programs\MiKTeX\tex/latex/koma-script\scrlfile
.sty
Package: scrlfile 2026/02/02 v3.49.2 KOMA-Script package (file load hooks)

(C:\Users\mzubayer\AppData\Local\Programs\MiKTeX\tex/latex/koma-script\scrlfile
-hook.sty
Package: scrlfile-hook 2026/02/02 v3.49.2 KOMA-Script package (using LaTeX hook
s)

(C:\Users\mzubayer\AppData\Local\Programs\MiKTeX\tex/latex/koma-script\scrlogo.
sty
Package: scrlogo 2026/02/02 v3.49.2 KOMA-Script package (logo)
)))
Applying: [2021/05/01] Usage of raw or classic option list on input line 254.
Already applied: [0000/00/00] Usage of raw or classic option list on input line
 370.
)
(C:\Users\mzubayer\AppData\Local\Programs\MiKTeX\tex/generic/pdftexcmds\pdftexc
mds.sty
Package: pdftexcmds 2020-06-27 v0.33 Utility functions of pdfTeX for LuaTeX (HO
)

(C:\Users\mzubayer\AppData\Local\Programs\MiKTeX\tex/generic/infwarerr\infwarer
r.sty
Package: infwarerr 2019/12/03 v1.5 Providing info/warning/error messages (HO)
)
(C:\Users\mzubayer\AppData\Local\Programs\MiKTeX\tex/generic/ltxcmds\ltxcmds.st
y
Package: ltxcmds 2023-12-04 v1.26 LaTeX kernel commands for general use (HO)
)
Package pdftexcmds Info: \pdf@primitive is available.
Package pdftexcmds Info: \pdf@ifprimitive is available.
Package pdftexcmds Info: \pdfdraftmode found.
)
(C:\Users\mzubayer\AppData\Local\Programs\MiKTeX\tex/latex/trimspaces\trimspace
s.sty
Package: trimspaces 2009/09/17 v1.1 Trim spaces around a token list
)
(C:\Users\mzubayer\AppData\Local\Programs\MiKTeX\tex/latex/tools\shellesc.sty
Package: shellesc 2023/07/08 v1.0d unified shell escape interface for LaTeX
Package shellesc Info: Restricted shell escape enabled on input line 77.
)
\c@svg@param@lastpage=\count311
\svg@box=\box68
\c@svg@param@currpage=\count312
) (C:\Users\mzubayer\AppData\Local\Programs\MiKTeX\tex/latex/xcolor\xcolor.sty
Package: xcolor 2024/09/29 v3.02 LaTeX color extensions (UK)

(C:\Users\mzubayer\AppData\Local\Programs\MiKTeX\tex/latex/graphics-cfg\color.c
fg
File: color.cfg 2016/01/02 v1.6 sample color configuration
)
Package xcolor Info: Driver file: pdftex.def on input line 274.

(C:\Users\mzubayer\AppData\Local\Programs\MiKTeX\tex/latex/graphics\mathcolor.l
tx)
Package xcolor Info: Model `cmy' substituted by `cmy0' on input line 1349.
Package xcolor Info: Model `hsb' substituted by `rgb' on input line 1353.
Package xcolor Info: Model `RGB' extended on input line 1365.
Package xcolor Info: Model `HTML' substituted by `rgb' on input line 1367.
Package xcolor Info: Model `Hsb' substituted by `hsb' on input line 1368.
Package xcolor Info: Model `tHsb' substituted by `hsb' on input line 1369.
Package xcolor Info: Model `HSB' substituted by `hsb' on input line 1370.
Package xcolor Info: Model `Gray' substituted by `gray' on input line 1371.
Package xcolor Info: Model `wave' substituted by `hsb' on input line 1372.
)
(C:\Users\mzubayer\AppData\Local\Programs\MiKTeX\tex/latex/transparent\transpar
ent.sty
Package: transparent 2025-06-23 v1.6 Transparency with color stacks

(C:\Users\mzubayer\AppData\Local\Programs\MiKTeX\tex/latex/transparent\transpar
ent-nometadata.sty
Package: transparent-nometadata 2025-06-23 v1.6 Transparency via pdfTeX's color
 stack (HO)

(C:\Users\mzubayer\AppData\Local\Programs\MiKTeX\tex/latex/auxhook\auxhook.sty
Package: auxhook 2019-12-17 v1.6 Hooks for auxiliary files (HO)
)))
(C:\Users\mzubayer\AppData\Local\Programs\MiKTeX\tex/latex/pgf/systemlayer\pgfs
ys.sty
(C:\Users\mzubayer\AppData\Local\Programs\MiKTeX\tex/latex/pgf/utilities\pgfrcs
.sty
(C:\Users\mzubayer\AppData\Local\Programs\MiKTeX\tex/generic/pgf/utilities\pgfu
til-common.tex
\pgfutil@everybye=\toks31
\pgfutil@tempdima=\dimen176
\pgfutil@tempdimb=\dimen177
)
(C:\Users\mzubayer\AppData\Local\Programs\MiKTeX\tex/generic/pgf/utilities\pgfu
til-latex.def
\pgfutil@abb=\box69
)
(C:\Users\mzubayer\AppData\Local\Programs\MiKTeX\tex/generic/pgf/utilities\pgfr
cs.code.tex
(C:\Users\mzubayer\AppData\Local\Programs\MiKTeX\tex/generic/pgf\pgf.revision.t
ex)
Package: pgfrcs 2025-08-29 v3.1.11a (3.1.11a)
))
(C:\Users\mzubayer\AppData\Local\Programs\MiKTeX\tex/generic/pgf/systemlayer\pg
fsys.code.tex
Package: pgfsys 2025-08-29 v3.1.11a (3.1.11a)

(C:\Users\mzubayer\AppData\Local\Programs\MiKTeX\tex/generic/pgf/utilities\pgfk
eys.code.tex
\pgfkeys@pathtoks=\toks32
\pgfkeys@temptoks=\toks33

(C:\Users\mzubayer\AppData\Local\Programs\MiKTeX\tex/generic/pgf/utilities\pgfk
eyslibraryfiltered.code.tex
\pgfkeys@tmptoks=\toks34
))
\pgf@x=\dimen178
\pgf@y=\dimen179
\pgf@xa=\dimen180
\pgf@ya=\dimen181
\pgf@xb=\dimen182
\pgf@yb=\dimen183
\pgf@xc=\dimen184
\pgf@yc=\dimen185
\pgf@xd=\dimen186
\pgf@yd=\dimen187
\w@pgf@writea=\write3
\r@pgf@reada=\read2
\c@pgf@counta=\count313
\c@pgf@countb=\count314
\c@pgf@countc=\count315
\c@pgf@countd=\count316
\t@pgf@toka=\toks35
\t@pgf@tokb=\toks36
\t@pgf@tokc=\toks37
\pgf@sys@id@count=\count317

(C:\Users\mzubayer\AppData\Local\Programs\MiKTeX\tex/generic/pgf/systemlayer\pg
f.cfg
File: pgf.cfg 2025-08-29 v3.1.11a (3.1.11a)
)
Driver file for pgf: pgfsys-pdftex.def

(C:\Users\mzubayer\AppData\Local\Programs\MiKTeX\tex/generic/pgf/systemlayer\pg
fsys-pdftex.def
File: pgfsys-pdftex.def 2025-08-29 v3.1.11a (3.1.11a)

(C:\Users\mzubayer\AppData\Local\Programs\MiKTeX\tex/generic/pgf/systemlayer\pg
fsys-common-pdf.def
File: pgfsys-common-pdf.def 2025-08-29 v3.1.11a (3.1.11a)
)))
(C:\Users\mzubayer\AppData\Local\Programs\MiKTeX\tex/generic/pgf/systemlayer\pg
fsyssoftpath.code.tex
File: pgfsyssoftpath.code.tex 2025-08-29 v3.1.11a (3.1.11a)
\pgfsyssoftpath@smallbuffer@items=\count318
\pgfsyssoftpath@bigbuffer@items=\count319
)
(C:\Users\mzubayer\AppData\Local\Programs\MiKTeX\tex/generic/pgf/systemlayer\pg
fsysprotocol.code.tex
File: pgfsysprotocol.code.tex 2025-08-29 v3.1.11a (3.1.11a)
))
(C:\Users\mzubayer\AppData\Local\Programs\MiKTeX\tex/latex/cite\cite.sty
LaTeX Info: Redefining \cite on input line 302.
LaTeX Info: Redefining \nocite on input line 332.
Package: cite 2015/02/27  v 5.5
)
(C:\Users\mzubayer\AppData\Local\Programs\MiKTeX\tex/latex/url\url.sty
\Urlmuskip=\muskip18
Package: url 2013/09/16  ver 3.4  Verb mode for urls, etc.
)
(C:\Users\mzubayer\AppData\Local\Programs\MiKTeX\tex/latex/listings\listings.st
y
\lst@mode=\count320
\lst@gtempboxa=\box70
\lst@token=\toks38
\lst@length=\count321
\lst@currlwidth=\dimen188
\lst@column=\count322
\lst@pos=\count323
\lst@lostspace=\dimen189
\lst@width=\dimen190
\lst@newlines=\count324
\lst@lineno=\count325
\lst@maxwidth=\dimen191

(C:\Users\mzubayer\AppData\Local\Programs\MiKTeX\tex/latex/listings\lstpatch.st
y
File: lstpatch.sty 2025/11/14 1.11b (Carsten Heinz)
)
(C:\Users\mzubayer\AppData\Local\Programs\MiKTeX\tex/latex/listings\lstmisc.sty
File: lstmisc.sty 2025/11/14 1.11b (Carsten Heinz)
\c@lstnumber=\count326
\lst@skipnumbers=\count327
\lst@framebox=\box71
)
(C:\Users\mzubayer\AppData\Local\Programs\MiKTeX\tex/latex/listings\listings.cf
g
File: listings.cfg 2025/11/14 1.11b listings configuration
))
Package: listings 2025/11/14 1.11b (Carsten Heinz)

==> First Aid for listings.sty no longer applied!
    Expected:
        2024/09/23 1.10c (Carsten Heinz)
    but found:
        2025/11/14 1.11b (Carsten Heinz)
    so I'm assuming it got fixed.

(C:\Users\mzubayer\AppData\Local\Programs\MiKTeX\tex/latex/hyperref\hyperref.st
y
Package: hyperref 2025-07-12 v7.01o Hypertext links for LaTeX

(C:\Users\mzubayer\AppData\Local\Programs\MiKTeX\tex/latex/kvsetkeys\kvsetkeys.
sty
Package: kvsetkeys 2022-10-05 v1.19 Key value parser (HO)
)
(C:\Users\mzubayer\AppData\Local\Programs\MiKTeX\tex/generic/kvdefinekeys\kvdef
inekeys.sty
Package: kvdefinekeys 2019-12-19 v1.6 Define keys (HO)
)
(C:\Users\mzubayer\AppData\Local\Programs\MiKTeX\tex/generic/pdfescape\pdfescap
e.sty
Package: pdfescape 2019/12/09 v1.15 Implements pdfTeX's escape features (HO)
)
(C:\Users\mzubayer\AppData\Local\Programs\MiKTeX\tex/latex/hycolor\hycolor.sty
Package: hycolor 2020-01-27 v1.10 Color options for hyperref/bookmark (HO)
)
(C:\Users\mzubayer\AppData\Local\Programs\MiKTeX\tex/latex/hyperref\nameref.sty
Package: nameref 2025-06-21 v2.57 Cross-referencing by name of section

(C:\Users\mzubayer\AppData\Local\Programs\MiKTeX\tex/latex/refcount\refcount.st
y
Package: refcount 2019/12/15 v3.6 Data extraction from label references (HO)
)
(C:\Users\mzubayer\AppData\Local\Programs\MiKTeX\tex/generic/gettitlestring\get
titlestring.sty
Package: gettitlestring 2019/12/15 v1.6 Cleanup title references (HO)

(C:\Users\mzubayer\AppData\Local\Programs\MiKTeX\tex/latex/kvoptions\kvoptions.
sty
Package: kvoptions 2022-06-15 v3.15 Key value format for package options (HO)
))
\c@section@level=\count328
)
(C:\Users\mzubayer\AppData\Local\Programs\MiKTeX\tex/latex/etoolbox\etoolbox.st
y
Package: etoolbox 2025/10/02 v2.5m e-TeX tools for LaTeX (JAW)
\etb@tempcnta=\count329
)
(C:\Users\mzubayer\AppData\Local\Programs\MiKTeX\tex/generic/stringenc\stringen
c.sty
Package: stringenc 2019/11/29 v1.12 Convert strings between diff. encodings (HO
)
)
\@linkdim=\dimen192
\Hy@linkcounter=\count330
\Hy@pagecounter=\count331

(C:\Users\mzubayer\AppData\Local\Programs\MiKTeX\tex/latex/hyperref\pd1enc.def
File: pd1enc.def 2025-07-12 v7.01o Hyperref: PDFDocEncoding definition (HO)
Now handling font encoding PD1 ...
... no UTF-8 mapping file for font encoding PD1
)
(C:\Users\mzubayer\AppData\Local\Programs\MiKTeX\tex/generic/intcalc\intcalc.st
y
Package: intcalc 2019/12/15 v1.3 Expandable calculations with integers (HO)
)
\Hy@SavedSpaceFactor=\count332

(C:\Users\mzubayer\AppData\Local\Programs\MiKTeX\tex/latex/hyperref\puenc.def
File: puenc.def 2025-07-12 v7.01o Hyperref: PDF Unicode definition (HO)
Now handling font encoding PU ...
... no UTF-8 mapping file for font encoding PU
)
Package hyperref Info: Option `final' set `true' on input line 4066.
Package hyperref Info: Option `colorlinks' set `true' on input line 4066.
Package hyperref Info: Hyper figures OFF on input line 4195.
Package hyperref Info: Link nesting OFF on input line 4200.
Package hyperref Info: Hyper index ON on input line 4203.
Package hyperref Info: Plain pages OFF on input line 4210.
Package hyperref Info: Backreferencing OFF on input line 4215.
Package hyperref Info: Implicit mode ON; LaTeX internals redefined.
Package hyperref Info: Bookmarks ON on input line 4462.
\c@Hy@tempcnt=\count333
LaTeX Info: Redefining \url on input line 4801.
\XeTeXLinkMargin=\dimen193

(C:\Users\mzubayer\AppData\Local\Programs\MiKTeX\tex/generic/bitset\bitset.sty
Package: bitset 2019/12/09 v1.3 Handle bit-vector datatype (HO)

(C:\Users\mzubayer\AppData\Local\Programs\MiKTeX\tex/generic/bigintcalc\bigintc
alc.sty
Package: bigintcalc 2019/12/15 v1.5 Expandable calculations on big integers (HO
)
))
\Fld@menulength=\count334
\Field@Width=\dimen194
\Fld@charsize=\dimen195
Package hyperref Info: Hyper figures OFF on input line 6078.
Package hyperref Info: Link nesting OFF on input line 6083.
Package hyperref Info: Hyper index ON on input line 6086.
Package hyperref Info: backreferencing OFF on input line 6093.
Package hyperref Info: Link coloring ON on input line 6096.
Package hyperref Info: Link coloring with OCG OFF on input line 6103.
Package hyperref Info: PDF/A mode OFF on input line 6108.
\Hy@abspage=\count335
\c@Item=\count336
\c@Hfootnote=\count337
)
Package hyperref Info: Driver (autodetected): hpdftex.

(C:\Users\mzubayer\AppData\Local\Programs\MiKTeX\tex/latex/hyperref\hpdftex.def
File: hpdftex.def 2025-07-12 v7.01o Hyperref driver for pdfTeX
\Fld@listcount=\count338
\c@bookmark@seq@number=\count339

(C:\Users\mzubayer\AppData\Local\Programs\MiKTeX\tex/latex/rerunfilecheck\rerun
filecheck.sty
Package: rerunfilecheck 2025-06-21 v1.11 Rerun checks for auxiliary files (HO)

(C:\Users\mzubayer\AppData\Local\Programs\MiKTeX\tex/generic/uniquecounter\uniq
uecounter.sty
Package: uniquecounter 2019/12/15 v1.4 Provide unlimited unique counter (HO)
)
Package uniquecounter Info: New unique counter `rerunfilecheck' on input line 2
84.
)
\Hy@SectionHShift=\skip82
)
(C:\Users\mzubayer\AppData\Local\Programs\MiKTeX\tex/latex/textcase\textcase.st
y
Package: textcase 2025/02/16 v1.05 Text only upper/lower case changing (DPC)
Package textcase Info: Defining Legacy names on input line 20.
)
(C:\Users\mzubayer\AppData\Local\Programs\MiKTeX\tex/latex/cleveref\cleveref.st
y
Package: cleveref 2018/03/27 v0.21.4 Intelligent cross-referencing
Package cleveref Info: `hyperref' support loaded on input line 2370.
LaTeX Info: Redefining \cref on input line 2370.
LaTeX Info: Redefining \Cref on input line 2370.
LaTeX Info: Redefining \crefrange on input line 2370.
LaTeX Info: Redefining \Crefrange on input line 2370.
LaTeX Info: Redefining \cpageref on input line 2370.
LaTeX Info: Redefining \Cpageref on input line 2370.
LaTeX Info: Redefining \cpagerefrange on input line 2370.
LaTeX Info: Redefining \Cpagerefrange on input line 2370.
LaTeX Info: Redefining \labelcref on input line 2370.
LaTeX Info: Redefining \labelcpageref on input line 2370.
Package cleveref Info: `amsthm' support loaded on input line 3026.
Package cleveref Info: `listings' support loaded on input line 3131.
Package cleveref Info: `algorithm2e' support loaded on input line 3147.
)
==> First Aid for cleveref.sty applied!
(C:\Users\mzubayer\AppData\Local\Programs\MiKTeX\tex/latex/caption\caption.sty
Package: caption 2023/08/05 v3.6o Customizing captions (AR)

(C:\Users\mzubayer\AppData\Local\Programs\MiKTeX\tex/latex/caption\caption3.sty
Package: caption3 2023/07/31 v2.4d caption3 kernel (AR)
\caption@tempdima=\dimen196
\captionmargin=\dimen197
\caption@leftmargin=\dimen198
\caption@rightmargin=\dimen199
\caption@width=\dimen256
\caption@indent=\dimen257
\caption@parindent=\dimen258
\caption@hangindent=\dimen259
Package caption Info: Standard document class detected.
)
\c@caption@flags=\count340
\c@continuedfloat=\count341
Package caption Info: hyperref package is loaded.
Package caption Info: listings package is loaded.
Package caption Info: longtable package is loaded.

(C:\Users\mzubayer\AppData\Local\Programs\MiKTeX\tex/latex/caption\ltcaption.st
y
Package: ltcaption 2021/01/08 v1.4c longtable captions (AR)
))
(C:\Users\mzubayer\AppData\Local\Programs\MiKTeX\tex/latex/setspace\setspace.st
y
Package: setspace 2022/12/04 v6.7b set line spacing
) (C:\Users\mzubayer\AppData\Local\Programs\MiKTeX\tex/latex/base\fontenc.sty
Package: fontenc 2025/07/18 v2.1d Standard LaTeX package
LaTeX Font Info:    Trying to load font information for T1+ptm on input line 11
6.

(C:\Users\mzubayer\AppData\Local\Programs\MiKTeX\tex/latex/psnfss\t1ptm.fd
File: t1ptm.fd 2001/06/04 font definitions for T1/ptm.
))
(C:\Users\mzubayer\AppData\Local\Programs\MiKTeX\tex/latex/mathdesign\mathdesig
n.sty
Package: mathdesign 2013/08/29 v2.31 Math Design Project

(C:\Users\mzubayer\AppData\Local\Programs\MiKTeX\tex/latex/mathdesign/mdbch\mdb
ch.cfg)
LaTeX Encoding Info:    Redeclaring text command \textcircled (encoding OMS) on
 input line 206.

(C:\Users\mzubayer\AppData\Local\Programs\MiKTeX\tex/latex/mathdesign/mdbch\mdb
ch.sty
Package: mdbch 2013/08/29 v2.31 bitstream bitstream charter + mdbch (Math Desig
n Project)

(C:\Users\mzubayer\AppData\Local\Programs\MiKTeX\tex/latex/mathdesign\mdfont.de
f
File: mdfont.def 2013/08/29 v2.31 (Math Design Project)
)
(C:\Users\mzubayer\AppData\Local\Programs\MiKTeX\tex/latex/mathdesign\mdsffont.
def
File: mdsffont.def 2013/08/29 v2.31 (Math Design Project)


LaTeX Info: Font shape OT1/phv/mc/n has incorrect series value `mc'.
            It should not contain an `m'! Please correct it.
            Found on input line 53.


LaTeX Info: Font shape OT1/phv/mc/sc has incorrect series value `mc'.
            It should not contain an `m'! Please correct it.
            Found on input line 56.


LaTeX Info: Font shape OT1/phv/mc/sl has incorrect series value `mc'.
            It should not contain an `m'! Please correct it.
            Found on input line 59.


LaTeX Info: Font shape OT1/phv/mc/it has incorrect series value `mc'.
            It should not contain an `m'! Please correct it.
            Found on input line 79.


LaTeX Info: Font shape T1/phv/mc/n has incorrect series value `mc'.
            It should not contain an `m'! Please correct it.
            Found on input line 102.


LaTeX Info: Font shape T1/phv/mc/sc has incorrect series value `mc'.
            It should not contain an `m'! Please correct it.
            Found on input line 105.


LaTeX Info: Font shape T1/phv/mc/sl has incorrect series value `mc'.
            It should not contain an `m'! Please correct it.
            Found on input line 108.


LaTeX Info: Font shape T1/phv/mc/it has incorrect series value `mc'.
            It should not contain an `m'! Please correct it.
            Found on input line 128.


LaTeX Info: Font shape OT1/uhv/mc/n has incorrect series value `mc'.
            It should not contain an `m'! Please correct it.
            Found on input line 259.


LaTeX Info: Font shape OT1/uhv/mc/sc has incorrect series value `mc'.
            It should not contain an `m'! Please correct it.
            Found on input line 262.


LaTeX Info: Font shape OT1/uhv/mc/sl has incorrect series value `mc'.
            It should not contain an `m'! Please correct it.
            Found on input line 265.


LaTeX Info: Font shape OT1/uhv/mc/it has incorrect series value `mc'.
            It should not contain an `m'! Please correct it.
            Found on input line 268.


LaTeX Info: Font shape T1/uhv/mc/n has incorrect series value `mc'.
            It should not contain an `m'! Please correct it.
            Found on input line 313.


LaTeX Info: Font shape T1/uhv/mc/sc has incorrect series value `mc'.
            It should not contain an `m'! Please correct it.
            Found on input line 316.


LaTeX Info: Font shape T1/uhv/mc/sl has incorrect series value `mc'.
            It should not contain an `m'! Please correct it.
            Found on input line 319.


LaTeX Info: Font shape T1/uhv/mc/it has incorrect series value `mc'.
            It should not contain an `m'! Please correct it.
            Found on input line 322.

)
(C:\Users\mzubayer\AppData\Local\Programs\MiKTeX\tex/latex/mathdesign\mdttfont.
def
File: mdttfont.def 2013/08/29 v2.31 (Math Design Project)
)
\symmdcal=\mathgroup4
LaTeX Font Info:    Overwriting symbol font `mdcal' in version `bold'
(Font)                  OMS/mdbch/m/n --> OMS/mdbch/b/n on input line 97.
\symmdscr=\mathgroup5
LaTeX Font Info:    Overwriting symbol font `mdscr' in version `bold'
(Font)                  OMS/mdbch/m/n --> OMS/mdbch/b/n on input line 103.
LaTeX Font Info:    Overwriting math alphabet `\mathfrak' in version `bold'
(Font)                  U/xmdeuf/m/n --> U/xmdeuf/b/n on input line 110.
LaTeX Font Info:    Overwriting symbol font `operators' in version `normal'
(Font)                  OT1/cmr/m/n --> OT1/mdbch/m/n on input line 121.
LaTeX Font Info:    Overwriting symbol font `letters' in version `normal'
(Font)                  OML/cmm/m/it --> OML/mdbch/m/it on input line 122.
LaTeX Font Info:    Overwriting symbol font `symbols' in version `normal'
(Font)                  OMS/cmsy/m/n --> OMS/mdbch/m/n on input line 123.
LaTeX Font Info:    Overwriting symbol font `largesymbols' in version `normal'
(Font)                  OMX/cmex/m/n --> OMX/mdbch/m/n on input line 124.
LaTeX Font Info:    Overwriting symbol font `operators' in version `bold'
(Font)                  OT1/cmr/bx/n --> OT1/mdbch/b/n on input line 126.
LaTeX Font Info:    Overwriting symbol font `letters' in version `bold'
(Font)                  OML/cmm/b/it --> OML/mdbch/b/it on input line 127.
LaTeX Font Info:    Overwriting symbol font `symbols' in version `bold'
(Font)                  OMS/cmsy/b/n --> OMS/mdbch/b/n on input line 128.
LaTeX Font Info:    Overwriting symbol font `largesymbols' in version `bold'
(Font)                  OMX/cmex/m/n --> OMX/mdbch/b/n on input line 129.
LaTeX Font Info:    Overwriting math alphabet `\mathrm' in version `normal'
(Font)                  OT1/mdbch/m/n --> T1/mdbch/m/n on input line 131.
LaTeX Font Info:    Overwriting math alphabet `\mathbf' in version `normal'
(Font)                  OT1/cmr/bx/n --> T1/mdbch/b/n on input line 132.
LaTeX Font Info:    Overwriting math alphabet `\mathit' in version `normal'
(Font)                  OT1/cmr/m/it --> T1/mdbch/m/it on input line 133.
LaTeX Font Info:    Overwriting math alphabet `\mathsf' in version `normal'
(Font)                  OT1/cmss/m/n --> T1/phv/m/n on input line 134.
LaTeX Font Info:    Overwriting math alphabet `\mathtt' in version `normal'
(Font)                  OT1/cmtt/m/n --> T1/pcr/m/n on input line 135.
LaTeX Font Info:    Overwriting math alphabet `\mathrm' in version `bold'
(Font)                  OT1/mdbch/b/n --> T1/mdbch/b/n on input line 137.
LaTeX Font Info:    Overwriting math alphabet `\mathbf' in version `bold'
(Font)                  OT1/cmr/bx/n --> T1/mdbch/b/n on input line 138.
LaTeX Font Info:    Overwriting math alphabet `\mathit' in version `bold'
(Font)                  OT1/cmr/bx/it --> T1/mdbch/b/it on input line 139.
LaTeX Font Info:    Overwriting math alphabet `\mathsf' in version `bold'
(Font)                  OT1/cmss/bx/n --> T1/phv/b/n on input line 140.
LaTeX Font Info:    Overwriting math alphabet `\mathtt' in version `bold'
(Font)                  OT1/cmtt/m/n --> T1/pcr/b/n on input line 141.
\symlettersupright=\mathgroup6
LaTeX Font Info:    Overwriting symbol font `lettersupright' in version `bold'
(Font)                  OML/mdbch/m/n --> OML/mdbch/b/n on input line 144.
LaTeX Font Info:    Redeclaring math alphabet \mathrm on input line 145.
LaTeX Font Info:    Overwriting math alphabet `\mathcal' in version `normal'
(Font)                  OMS/mdbch/m/n --> OMS/mdbch/m/n on input line 167.

(C:\Users\mzubayer\AppData\Local\Programs\MiKTeX\tex/latex/xkeyval\xkeyval.sty
Package: xkeyval 2022/06/16 v2.9 package option processing (HA)

(C:\Users\mzubayer\AppData\Local\Programs\MiKTeX\tex/generic/xkeyval\xkeyval.te
x
(C:\Users\mzubayer\AppData\Local\Programs\MiKTeX\tex/generic/xkeyval\xkvutils.t
ex
\XKV@toks=\toks39
\XKV@tempa@toks=\toks40
)
\XKV@depth=\count342
File: xkeyval.tex 2014/12/03 v2.7a key=value parser (HA)
))
LaTeX Font Info:    Trying to load font information for T1+mdbch on input line 
186.

(C:\Users\mzubayer\AppData\Local\Programs\MiKTeX\tex/latex/mathdesign/mdbch\t1m
dbch.fd
File: t1mdbch.fd 2013/08/29 Fontinst v1.933 font definitions for T1/mdbch.
)
LaTeX Font Info:    Font shape `T1/mdbch/m/n' will be
(Font)              scaled to size 11.52008pt on input line 186.
LaTeX Font Info:    Redeclaring math accent \widetilde on input line 449.
LaTeX Font Info:    Redeclaring math accent \widehat on input line 450.
Now handling font encoding MDA ...
... no UTF-8 mapping file for font encoding MDA
\symmathdesignA=\mathgroup7
LaTeX Font Info:    Overwriting symbol font `mathdesignA' in version `bold'
(Font)                  MDA/mdbch/m/n --> MDA/mdbch/b/n on input line 491.
Now handling font encoding MDB ...
... no UTF-8 mapping file for font encoding MDB
\symmathdesignB=\mathgroup8
LaTeX Font Info:    Overwriting symbol font `mathdesignB' in version `bold'
(Font)                  MDB/mdbch/m/n --> MDB/mdbch/b/n on input line 498.
LaTeX Font Info:    Redeclaring math accent \widetilde on input line 532.
LaTeX Font Info:    Redeclaring math accent \widehat on input line 533.
\rulethickness=\skip83
)
(C:\Users\mzubayer\AppData\Local\Programs\MiKTeX\tex/latex/base\fontenc.sty
Package: fontenc 2025/07/18 v2.1d Standard LaTeX package
))
(C:\Users\mzubayer\AppData\Local\Programs\MiKTeX\tex/latex/datatool\datatool.st
y
Package: datatool 2025/12/04 v3.4.3 (NLCT)
 (C:\Users\mzubayer\AppData\Local\Programs\MiKTeX\tex/latex/xfor\xfor.sty
Package: xfor 2009/02/05 v1.05 (NLCT)
)
(C:\Users\mzubayer\AppData\Local\Programs\MiKTeX\tex/latex/tracklang\tracklang.
sty
Package: tracklang 2025/03/11 v1.6.6 (NLCT) Track Languages

(C:\Users\mzubayer\AppData\Local\Programs\MiKTeX\tex/generic/tracklang\tracklan
g.tex))
(C:\Users\mzubayer\AppData\Local\Programs\MiKTeX\tex/latex/datatool\datatool-ba
se.sty
Package: datatool-base 2025/12/04 v3.4.3 (NLCT)
\l__datatool_tmpa_int=\count343
\l__datatool_tmpb_int=\count344
\l__datatool_tmpc_int=\count345
\l__datatool_tmpd_int=\count346
\l__datatool_count_int=\count347
\l__datatool_tmp_datatype_int=\count348
\l__datatool_tmpa_dim=\dimen260
\l__datatool_tmpb_dim=\dimen261

(C:\Users\mzubayer\AppData\Local\Programs\MiKTeX\tex/latex/datatool\datatool-l3
fp.def
File: datatool-l3fp.def 2025/12/04 v3.4.3 (NLCT)
)
\@dtl@toks=\toks41
\@dtl@tmpcount=\count349
\dtl@tmplength=\skip84
\l__datatool_measure_box=\box72
\dtl@sortresult=\count350

(C:\Users\mzubayer\AppData\Local\Programs\MiKTeX\tex/latex/datatool\datatool-ut
f8.ldf
File: datatool-utf8.ldf 2025/12/04 v3.4.3 (NLCT)
)
\@dtl@datatype=\count351
\c_datatool_unknown_int=\count352
\l__datatool_year_int=\count353
\l__datatool_month_int=\count354
\l__datatool_day_int=\count355
\l__datatool_hour_int=\count356
\l__datatool_minute_int=\count357
\l__datatool_second_int=\count358
\l__datatool_tzhour_int=\count359
\l__datatool_tzminute_int=\count360
\l__datatool_julian_int=\count361
\l__datatool_local_julian_int=\count362
\l__datatool_prefix_int=\count363
\l__datatool_suffix_int=\count364
\@dtl@foreach@level=\count365
\dtl@codeA=\count366
\dtl@codeB=\count367
)
\l__datatool_max_cols_int=\count368
\l__datatool_col_idx_int=\count369
\l__datatool_row_idx_int=\count370
\l__datatool_item_type_int=\count371
\l__datatool_action_column_int=\count372
\l__datatool_action_column_ii_int=\count373
\l__datatool_action_row_int=\count374
\l__datatool_action_row_ii_int=\count375
\l__datatool_action_type_int=\count376
\l__datatool_action_datum_round_int=\count377
\dtlcolumnnum=\count378
\dtlrownum=\count379
\@dtl@before=\toks42
\@dtl@after=\toks43
\@dtl@colhead=\toks44
\dtlcurrentrow=\toks45
\dtlbeforerow=\toks46
\dtlafterrow=\toks47
\l__datatool_map_data_max_cols_int=\count380
\l__datatool_map_data_edit_column_int=\count381
\dtlforeachlevel=\count382
\c@DTLrow=\count383
\c@DTLrowi=\count384
\c@DTLrowii=\count385
\c@DTLrowiii=\count386
\dtl@rowi=\count387
\dtl@rowii=\count388
\dtl@rowiii=\count389
\g__filtered_row_i_int=\count390
\g__filtered_row_ii_int=\count391
\g__filtered_row_iii_int=\count392
\@dtl@curi=\toks48
\@dtl@previ=\toks49
\@dtl@nexti=\toks50
\@dtl@curii=\toks51
\@dtl@previi=\toks52
\@dtl@nextii=\toks53
\@dtl@curiii=\toks54
\@dtl@previii=\toks55
\@dtl@nextiii=\toks56
\l_datatool_display_per_row_int=\count393
\l_datatool_display_tab_rows_int=\count394
\@dtl@toksA=\toks57
\@dtl@toksB=\toks58
\@dtl@elements=\count395
\__datatool_sort_data_sortcol_int=\count396
\__datatool_sort_data_grpcol_int=\count397
\dtl@omitlines=\count398
\l__datatool_line_int=\count399
)
\dtldb@Students=\toks59
\dtlkeys@Students=\toks60
\dtlrows@Students=\count400
\dtlcols@Students=\count401
\dtldb@Supervisor=\toks61
\dtlkeys@Supervisor=\toks62
\dtlrows@Supervisor=\count402
\dtlcols@Supervisor=\count403
\dtldb@Head=\toks63
\dtlkeys@Head=\toks64
\dtlrows@Head=\count404
\dtlcols@Head=\count405

(C:\Users\mzubayer\AppData\Local\Programs\MiKTeX\tex/latex/tocbibind\tocbibind.
sty
Package: tocbibind 2010/10/13 v1.5k extra ToC listings
Package tocbibind Info: The document has chapter divisions on input line 50.


Package tocbibind Note: Using chapter style headings, unless overridden.

)
(C:\Users\mzubayer\AppData\Local\Programs\MiKTeX\tex/latex/tocloft\tocloft.sty
Package: tocloft 2017/08/31 v2.3i parameterised ToC, etc., typesetting
Package tocloft Info: The document has chapter divisions on input line 51.
\cftparskip=\skip85
\cftbeforetoctitleskip=\skip86
\cftaftertoctitleskip=\skip87
\cftbeforepartskip=\skip88
\cftpartnumwidth=\skip89
\cftpartindent=\skip90
\cftbeforechapskip=\skip91
\cftchapindent=\skip92
\cftchapnumwidth=\skip93
\cftbeforesecskip=\skip94
\cftsecindent=\skip95
\cftsecnumwidth=\skip96
\cftbeforesubsecskip=\skip97
\cftsubsecindent=\skip98
\cftsubsecnumwidth=\skip99
\cftbeforesubsubsecskip=\skip100
\cftsubsubsecindent=\skip101
\cftsubsubsecnumwidth=\skip102
\cftbeforeparaskip=\skip103
\cftparaindent=\skip104
\cftparanumwidth=\skip105
\cftbeforesubparaskip=\skip106
\cftsubparaindent=\skip107
\cftsubparanumwidth=\skip108
\cftbeforeloftitleskip=\skip109
\cftafterloftitleskip=\skip110
\cftbeforefigskip=\skip111
\cftfigindent=\skip112
\cftfignumwidth=\skip113
\c@lofdepth=\count406
\c@lotdepth=\count407
\cftbeforelottitleskip=\skip114
\cftafterlottitleskip=\skip115
\cftbeforetabskip=\skip116
\cfttabindent=\skip117
\cfttabnumwidth=\skip118
)
(C:\Users\mzubayer\AppData\Local\Programs\MiKTeX\tex/latex/caption\subcaption.s
ty
Package: subcaption 2023/07/28 v1.6b Sub-captions (AR)
Package caption Info: New subtype `subfigure' on input line 238.
\c@subfigure=\count408
Package caption Info: New subtype `subtable' on input line 238.
\c@subtable=\count409
)
(C:\Users\mzubayer\AppData\Local\Programs\MiKTeX\tex/latex/fancyhdr\fancyhdr.st
y
Package: fancyhdr 2025/02/07 v5.2 Extensive control of page headers and footers

\f@nch@headwidth=\skip119
\f@nch@offset@elh=\skip120
\f@nch@offset@erh=\skip121
\f@nch@offset@olh=\skip122
\f@nch@offset@orh=\skip123
\f@nch@offset@elf=\skip124
\f@nch@offset@erf=\skip125
\f@nch@offset@olf=\skip126
\f@nch@offset@orf=\skip127
\f@nch@height=\skip128
\f@nch@footalignment=\skip129
\f@nch@widthL=\skip130
\f@nch@widthC=\skip131
\f@nch@widthR=\skip132
\@temptokenb=\toks65
)
(C:\Users\mzubayer\AppData\Local\Programs\MiKTeX\tex/latex/imakeidx\imakeidx.st
y
Package: imakeidx 2016/10/15 v1.3e Package for typesetting indices in a synchro
nous mode

(C:\Users\mzubayer\AppData\Local\Programs\MiKTeX\tex/generic/iftex\ifxetex.sty
Package: ifxetex 2019/10/25 v0.7 ifxetex legacy package. Use iftex instead.
)
(C:\Users\mzubayer\AppData\Local\Programs\MiKTeX\tex/generic/iftex\ifluatex.sty
Package: ifluatex 2019/10/25 v1.5 ifluatex legacy package. Use iftex instead.
) (C:\Users\mzubayer\AppData\Local\Programs\MiKTeX\tex/latex/tools\multicol.sty
Package: multicol 2025/10/21 v2.0b multicolumn formatting (FMi)
\c@tracingmulticols=\count410
\mult@box=\box73
\multicol@leftmargin=\dimen262
\c@unbalance=\count411
\c@collectmore=\count412
\doublecol@number=\count413
\multicoltolerance=\count414
\multicolpretolerance=\count415
\full@width=\dimen263
\page@free=\dimen264
\premulticols=\dimen265
\postmulticols=\dimen266
\multicolsep=\skip133
\multicolbaselineskip=\skip134
\partial@page=\box74
\last@line=\box75
\mc@boxedresult=\box76
\maxbalancingoverflow=\dimen267
\mult@rightbox=\box77
\mult@grightbox=\box78
\mult@firstbox=\box79
\mult@gfirstbox=\box80
\@tempa=\box81
\@tempa=\box82
\@tempa=\box83
\@tempa=\box84
\@tempa=\box85
\@tempa=\box86
\@tempa=\box87
\@tempa=\box88
\@tempa=\box89
\@tempa=\box90
\@tempa=\box91
\@tempa=\box92
\@tempa=\box93
\@tempa=\box94
\@tempa=\box95
\@tempa=\box96
\@tempa=\box97
\@tempa=\box98
\@tempa=\box99
\@tempa=\box100
\@tempa=\box101
\@tempa=\box102
\@tempa=\box103
\@tempa=\box104
\@tempa=\box105
\@tempa=\box106
\@tempa=\box107
\@tempa=\box108
\@tempa=\box109
\@tempa=\box110
\@tempa=\box111
\@tempa=\box112
\@tempa=\box113
\@tempa=\box114
\@tempa=\box115
\@tempa=\box116
\c@minrows=\count416
\c@columnbadness=\count417
\c@finalcolumnbadness=\count418
\last@try=\dimen268
\multicolovershoot=\dimen269
\multicolundershoot=\dimen270
\mult@nat@firstbox=\box117
\colbreak@box=\box118
\mc@col@check@num=\count419
\g__mc_curr_col_int=\count420
))
(C:\Users\mzubayer\AppData\Local\Programs\MiKTeX\tex/latex/rcsinfo\rcsinfo.sty
Package: rcsinfo 2005/02/20 v1.10
\@rcsInfoDay=\count421
\@rcsInfoMonth=\count422
\@rcsInfoYear=\count423
\@rcsInfoYearTmp=\count424
\@rcsInfoMonthTmp=\count425
\@rcsInfoDayTmp=\count426

(C:\Users\mzubayer\AppData\Local\Programs\MiKTeX\tex/latex/rcsinfo\rcsinfo.cfg)
)
(C:\Users\mzubayer\AppData\Local\Programs\MiKTeX\tex/latex/datetime2\datetime2.
sty
Package: datetime2 2021/03/21 v1.5.7 (NLCT) date and time formats
)
(C:\Users\mzubayer\AppData\Local\Programs\MiKTeX\tex/latex/datetime\datetime.st
y
Package: datetime 2015/03/20 v2.60 Date Time Package

(C:\Users\mzubayer\AppData\Local\Programs\MiKTeX\tex/latex/fmtcount\fmtcount.st
y
Package: fmtcount 2025/12/02 v3.12 Displaying the values of LaTeX counters (NT,
VB,NE)

(C:\Users\mzubayer\AppData\Local\Programs\MiKTeX\tex/latex/fmtcount\fcprefix.st
y
Package: fcprefix 2012/09/28

(C:\Users\mzubayer\AppData\Local\Programs\MiKTeX\tex/latex/fmtcount\fcnumparser
.sty
Package: fcnumparser 2017/06/15
\fc@digit@counter=\count427
))
\c@padzeroesN=\count428
\fc@tmpcatcode=\count429
\@DT@modctr=\count430
\@ordinalctr=\count431
\@orgargctr=\count432
\@strctr=\count433
\@tmpstrctr=\count434
\@DT@loopN=\count435
\@DT@X=\count436
)
(C:\Users\mzubayer\AppData\Local\Programs\MiKTeX\tex/latex/datetime\datetime-de
faults.sty
Package: datetime-defaults 2013/09/10
)
\@day=\count437
\@month=\count438
\@year=\count439
\c@HOUR=\count440
\c@HOURXII=\count441
\c@MINUTE=\count442
\c@TOHOUR=\count443
\c@TOMINUTE=\count444
\c@SECOND=\count445
\currenthour=\count446
\currentminute=\count447
\currentsecond=\count448
Package datetime Info: No datetime.cfg file found, using default settings on in
put line 308.
\@dtctr=\count449
\dayofyear=\count450
\dayofweek=\count451
LaTeX Info: Redefining \today on input line 736.
\dt@a=\toks66
\dt@b=\toks67
))
(C:\Users\mzubayer\AppData\Local\Programs\MiKTeX\tex/latex/blindtext\blindtext.
sty
Package: blindtext 2012/01/06 V2.0 blindtext-Package
\c@blindtext=\count452
\c@Blindtext=\count453
\c@blind@countparstart=\count454
\blind@countxx=\count455
\blindtext@numBlindtext=\count456
\blind@countyy=\count457
\c@blindlist=\count458
\c@blindlistlevel=\count459
\c@blindlist@level=\count460
\blind@listitem=\count461
\c@blind@listcount=\count462
\c@blind@levelcount=\count463
\blind@mathformula=\count464
\blind@Mathformula=\count465
\c@blind@randomcount=\count466
\c@blind@randommax=\count467
\c@blind@pangramcount=\count468
\c@blind@pangrammax=\count469
)
(C:\Users\mzubayer\AppData\Local\Programs\MiKTeX\tex/latex/amsfonts\amssymb.sty
Package: amssymb 2013/01/14 v3.01 AMS font symbols

(C:\Users\mzubayer\AppData\Local\Programs\MiKTeX\tex/latex/amsfonts\amsfonts.st
y
Package: amsfonts 2013/01/14 v3.01 Basic AMSFonts support
\symAMSa=\mathgroup9
\symAMSb=\mathgroup10
LaTeX Font Info:    Redeclaring math delimiter \ulcorner on input line 74.
LaTeX Font Info:    Redeclaring math delimiter \urcorner on input line 75.
LaTeX Font Info:    Redeclaring math delimiter \llcorner on input line 76.
LaTeX Font Info:    Redeclaring math delimiter \lrcorner on input line 77.
LaTeX Font Info:    Redeclaring math symbol \dabar@ on input line 95.
LaTeX Font Info:    Redeclaring math symbol \hbar on input line 98.
LaTeX Font Info:    Overwriting encoding scheme math defaults on input line 110
.
LaTeX Info: Redefining \frak on input line 111.
LaTeX Info: Redefining \Bbb on input line 113.
LaTeX Info: Redefining \bold on input line 115.
LaTeX Font Info:    Redeclaring math symbol \square on input line 141.
LaTeX Font Info:    Redeclaring math symbol \lozenge on input line 142.
)
LaTeX Font Info:    Redeclaring math symbol \boxdot on input line 44.
LaTeX Font Info:    Redeclaring math symbol \boxplus on input line 45.
LaTeX Font Info:    Redeclaring math symbol \boxtimes on input line 46.
LaTeX Font Info:    Redeclaring math symbol \blacksquare on input line 48.
LaTeX Font Info:    Redeclaring math symbol \centerdot on input line 49.
LaTeX Font Info:    Redeclaring math symbol \blacklozenge on input line 51.
LaTeX Font Info:    Redeclaring math symbol \circlearrowright on input line 52.

LaTeX Font Info:    Redeclaring math symbol \circlearrowleft on input line 53.
LaTeX Font Info:    Redeclaring math symbol \leftrightharpoons on input line 56
.
LaTeX Font Info:    Redeclaring math symbol \boxminus on input line 57.
LaTeX Font Info:    Redeclaring math symbol \Vdash on input line 58.
LaTeX Font Info:    Redeclaring math symbol \Vvdash on input line 59.
LaTeX Font Info:    Redeclaring math symbol \vDash on input line 60.
LaTeX Font Info:    Redeclaring math symbol \twoheadrightarrow on input line 61
.
LaTeX Font Info:    Redeclaring math symbol \twoheadleftarrow on input line 62.

LaTeX Font Info:    Redeclaring math symbol \leftleftarrows on input line 63.
LaTeX Font Info:    Redeclaring math symbol \rightrightarrows on input line 64.

LaTeX Font Info:    Redeclaring math symbol \upuparrows on input line 65.
LaTeX Font Info:    Redeclaring math symbol \downdownarrows on input line 66.
LaTeX Font Info:    Redeclaring math symbol \upharpoonright on input line 67.
LaTeX Font Info:    Redeclaring math symbol \downharpoonright on input line 69.

LaTeX Font Info:    Redeclaring math symbol \upharpoonleft on input line 70.
LaTeX Font Info:    Redeclaring math symbol \downharpoonleft on input line 71.
LaTeX Font Info:    Redeclaring math symbol \rightarrowtail on input line 72.
LaTeX Font Info:    Redeclaring math symbol \leftarrowtail on input line 73.
LaTeX Font Info:    Redeclaring math symbol \leftrightarrows on input line 74.
LaTeX Font Info:    Redeclaring math symbol \rightleftarrows on input line 75.
LaTeX Font Info:    Redeclaring math symbol \Lsh on input line 76.
LaTeX Font Info:    Redeclaring math symbol \Rsh on input line 77.
LaTeX Font Info:    Redeclaring math symbol \leftrightsquigarrow on input line 
79.
LaTeX Font Info:    Redeclaring math symbol \looparrowleft on input line 80.
LaTeX Font Info:    Redeclaring math symbol \looparrowright on input line 81.
LaTeX Font Info:    Redeclaring math symbol \circeq on input line 82.
LaTeX Font Info:    Redeclaring math symbol \succsim on input line 83.
LaTeX Font Info:    Redeclaring math symbol \gtrsim on input line 84.
LaTeX Font Info:    Redeclaring math symbol \gtrapprox on input line 85.
LaTeX Font Info:    Redeclaring math symbol \multimap on input line 86.
LaTeX Font Info:    Redeclaring math symbol \therefore on input line 87.
LaTeX Font Info:    Redeclaring math symbol \because on input line 88.
LaTeX Font Info:    Redeclaring math symbol \doteqdot on input line 89.
LaTeX Font Info:    Redeclaring math symbol \triangleq on input line 91.
LaTeX Font Info:    Redeclaring math symbol \precsim on input line 92.
LaTeX Font Info:    Redeclaring math symbol \lesssim on input line 93.
LaTeX Font Info:    Redeclaring math symbol \lessapprox on input line 94.
LaTeX Font Info:    Redeclaring math symbol \eqslantless on input line 95.
LaTeX Font Info:    Redeclaring math symbol \eqslantgtr on input line 96.
LaTeX Font Info:    Redeclaring math symbol \curlyeqprec on input line 97.
LaTeX Font Info:    Redeclaring math symbol \curlyeqsucc on input line 98.
LaTeX Font Info:    Redeclaring math symbol \preccurlyeq on input line 99.
LaTeX Font Info:    Redeclaring math symbol \leqq on input line 100.
LaTeX Font Info:    Redeclaring math symbol \leqslant on input line 101.
LaTeX Font Info:    Redeclaring math symbol \lessgtr on input line 102.
LaTeX Font Info:    Redeclaring math symbol \backprime on input line 103.
LaTeX Font Info:    Redeclaring math symbol \risingdotseq on input line 104.
LaTeX Font Info:    Redeclaring math symbol \fallingdotseq on input line 105.
LaTeX Font Info:    Redeclaring math symbol \succcurlyeq on input line 106.
LaTeX Font Info:    Redeclaring math symbol \geqq on input line 107.
LaTeX Font Info:    Redeclaring math symbol \geqslant on input line 108.
LaTeX Font Info:    Redeclaring math symbol \gtrless on input line 109.
LaTeX Font Info:    Redeclaring math symbol \bigstar on input line 117.
LaTeX Font Info:    Redeclaring math symbol \between on input line 118.
LaTeX Font Info:    Redeclaring math symbol \blacktriangledown on input line 11
9.
LaTeX Font Info:    Redeclaring math symbol \blacktriangleright on input line 1
20.
LaTeX Font Info:    Redeclaring math symbol \blacktriangleleft on input line 12
1.
LaTeX Font Info:    Redeclaring math symbol \vartriangle on input line 122.
LaTeX Font Info:    Redeclaring math symbol \blacktriangle on input line 123.
LaTeX Font Info:    Redeclaring math symbol \triangledown on input line 124.
LaTeX Font Info:    Redeclaring math symbol \eqcirc on input line 125.
LaTeX Font Info:    Redeclaring math symbol \lesseqgtr on input line 126.
LaTeX Font Info:    Redeclaring math symbol \gtreqless on input line 127.
LaTeX Font Info:    Redeclaring math symbol \lesseqqgtr on input line 128.
LaTeX Font Info:    Redeclaring math symbol \gtreqqless on input line 129.
LaTeX Font Info:    Redeclaring math symbol \Rrightarrow on input line 130.
LaTeX Font Info:    Redeclaring math symbol \Lleftarrow on input line 131.
LaTeX Font Info:    Redeclaring math symbol \veebar on input line 132.
LaTeX Font Info:    Redeclaring math symbol \barwedge on input line 133.
LaTeX Font Info:    Redeclaring math symbol \doublebarwedge on input line 134.
LaTeX Font Info:    Redeclaring math symbol \measuredangle on input line 137.
LaTeX Font Info:    Redeclaring math symbol \sphericalangle on input line 138.
LaTeX Font Info:    Redeclaring math symbol \varpropto on input line 139.
LaTeX Font Info:    Redeclaring math symbol \smallsmile on input line 140.
LaTeX Font Info:    Redeclaring math symbol \smallfrown on input line 141.
LaTeX Font Info:    Redeclaring math symbol \Subset on input line 142.
LaTeX Font Info:    Redeclaring math symbol \Supset on input line 143.
LaTeX Font Info:    Redeclaring math symbol \Cup on input line 144.
LaTeX Font Info:    Redeclaring math symbol \Cap on input line 146.
LaTeX Font Info:    Redeclaring math symbol \curlywedge on input line 148.
LaTeX Font Info:    Redeclaring math symbol \curlyvee on input line 149.
LaTeX Font Info:    Redeclaring math symbol \leftthreetimes on input line 150.
LaTeX Font Info:    Redeclaring math symbol \rightthreetimes on input line 151.

LaTeX Font Info:    Redeclaring math symbol \subseteqq on input line 152.
LaTeX Font Info:    Redeclaring math symbol \supseteqq on input line 153.
LaTeX Font Info:    Redeclaring math symbol \bumpeq on input line 154.
LaTeX Font Info:    Redeclaring math symbol \Bumpeq on input line 155.
LaTeX Font Info:    Redeclaring math symbol \lll on input line 156.
LaTeX Font Info:    Redeclaring math symbol \ggg on input line 158.
LaTeX Font Info:    Redeclaring math symbol \pitchfork on input line 161.
LaTeX Font Info:    Redeclaring math symbol \dotplus on input line 162.
LaTeX Font Info:    Redeclaring math symbol \backsim on input line 163.
LaTeX Font Info:    Redeclaring math symbol \backsimeq on input line 164.
LaTeX Font Info:    Redeclaring math symbol \complement on input line 165.
LaTeX Font Info:    Redeclaring math symbol \intercal on input line 166.
LaTeX Font Info:    Redeclaring math symbol \circledcirc on input line 167.
LaTeX Font Info:    Redeclaring math symbol \circledast on input line 168.
LaTeX Font Info:    Redeclaring math symbol \circleddash on input line 169.
LaTeX Font Info:    Redeclaring math symbol \lvertneqq on input line 171.
LaTeX Font Info:    Redeclaring math symbol \gvertneqq on input line 172.
LaTeX Font Info:    Redeclaring math symbol \nleq on input line 173.
LaTeX Font Info:    Redeclaring math symbol \ngeq on input line 174.
LaTeX Font Info:    Redeclaring math symbol \nless on input line 175.
LaTeX Font Info:    Redeclaring math symbol \ngtr on input line 176.
LaTeX Font Info:    Redeclaring math symbol \nprec on input line 177.
LaTeX Font Info:    Redeclaring math symbol \nsucc on input line 178.
LaTeX Font Info:    Redeclaring math symbol \lneqq on input line 179.
LaTeX Font Info:    Redeclaring math symbol \gneqq on input line 180.
LaTeX Font Info:    Redeclaring math symbol \nleqslant on input line 181.
LaTeX Font Info:    Redeclaring math symbol \ngeqslant on input line 182.
LaTeX Font Info:    Redeclaring math symbol \lneq on input line 183.
LaTeX Font Info:    Redeclaring math symbol \gneq on input line 184.
LaTeX Font Info:    Redeclaring math symbol \npreceq on input line 185.
LaTeX Font Info:    Redeclaring math symbol \nsucceq on input line 186.
LaTeX Font Info:    Redeclaring math symbol \precnsim on input line 187.
LaTeX Font Info:    Redeclaring math symbol \succnsim on input line 188.
LaTeX Font Info:    Redeclaring math symbol \lnsim on input line 189.
LaTeX Font Info:    Redeclaring math symbol \gnsim on input line 190.
LaTeX Font Info:    Redeclaring math symbol \nleqq on input line 191.
LaTeX Font Info:    Redeclaring math symbol \ngeqq on input line 192.
LaTeX Font Info:    Redeclaring math symbol \precneqq on input line 193.
LaTeX Font Info:    Redeclaring math symbol \succneqq on input line 194.
LaTeX Font Info:    Redeclaring math symbol \precnapprox on input line 195.
LaTeX Font Info:    Redeclaring math symbol \succnapprox on input line 196.
LaTeX Font Info:    Redeclaring math symbol \lnapprox on input line 197.
LaTeX Font Info:    Redeclaring math symbol \gnapprox on input line 198.
LaTeX Font Info:    Redeclaring math symbol \nsim on input line 199.
LaTeX Font Info:    Redeclaring math symbol \ncong on input line 200.
LaTeX Font Info:    Redeclaring math symbol \diagup on input line 201.
LaTeX Font Info:    Redeclaring math symbol \diagdown on input line 202.
LaTeX Font Info:    Redeclaring math symbol \varsubsetneq on input line 203.
LaTeX Font Info:    Redeclaring math symbol \varsupsetneq on input line 204.
LaTeX Font Info:    Redeclaring math symbol \nsubseteqq on input line 205.
LaTeX Font Info:    Redeclaring math symbol \nsupseteqq on input line 206.
LaTeX Font Info:    Redeclaring math symbol \subsetneqq on input line 207.
LaTeX Font Info:    Redeclaring math symbol \supsetneqq on input line 208.
LaTeX Font Info:    Redeclaring math symbol \varsubsetneqq on input line 209.
LaTeX Font Info:    Redeclaring math symbol \varsupsetneqq on input line 210.
LaTeX Font Info:    Redeclaring math symbol \subsetneq on input line 211.
LaTeX Font Info:    Redeclaring math symbol \supsetneq on input line 212.
LaTeX Font Info:    Redeclaring math symbol \nsubseteq on input line 213.
LaTeX Font Info:    Redeclaring math symbol \nsupseteq on input line 214.
LaTeX Font Info:    Redeclaring math symbol \nparallel on input line 215.
LaTeX Font Info:    Redeclaring math symbol \nmid on input line 216.
LaTeX Font Info:    Redeclaring math symbol \nshortmid on input line 217.
LaTeX Font Info:    Redeclaring math symbol \nshortparallel on input line 218.
LaTeX Font Info:    Redeclaring math symbol \nvdash on input line 219.
LaTeX Font Info:    Redeclaring math symbol \nVdash on input line 220.
LaTeX Font Info:    Redeclaring math symbol \nvDash on input line 221.
LaTeX Font Info:    Redeclaring math symbol \nVDash on input line 222.
LaTeX Font Info:    Redeclaring math symbol \ntrianglerighteq on input line 223
.
LaTeX Font Info:    Redeclaring math symbol \ntrianglelefteq on input line 224.

LaTeX Font Info:    Redeclaring math symbol \ntriangleleft on input line 225.
LaTeX Font Info:    Redeclaring math symbol \ntriangleright on input line 226.
LaTeX Font Info:    Redeclaring math symbol \nleftarrow on input line 227.
LaTeX Font Info:    Redeclaring math symbol \nrightarrow on input line 228.
LaTeX Font Info:    Redeclaring math symbol \nLeftarrow on input line 229.
LaTeX Font Info:    Redeclaring math symbol \nRightarrow on input line 230.
LaTeX Font Info:    Redeclaring math symbol \nLeftrightarrow on input line 231.

LaTeX Font Info:    Redeclaring math symbol \nleftrightarrow on input line 232.

LaTeX Font Info:    Redeclaring math symbol \divideontimes on input line 233.
LaTeX Font Info:    Redeclaring math symbol \varnothing on input line 234.
LaTeX Font Info:    Redeclaring math symbol \nexists on input line 235.
LaTeX Font Info:    Redeclaring math symbol \Finv on input line 236.
LaTeX Font Info:    Redeclaring math symbol \Game on input line 237.
LaTeX Font Info:    Redeclaring math symbol \eth on input line 240.
LaTeX Font Info:    Redeclaring math symbol \eqsim on input line 241.
LaTeX Font Info:    Redeclaring math symbol \beth on input line 242.
LaTeX Font Info:    Redeclaring math symbol \gimel on input line 243.
LaTeX Font Info:    Redeclaring math symbol \daleth on input line 244.
LaTeX Font Info:    Redeclaring math symbol \lessdot on input line 245.
LaTeX Font Info:    Redeclaring math symbol \gtrdot on input line 246.
LaTeX Font Info:    Redeclaring math symbol \ltimes on input line 247.
LaTeX Font Info:    Redeclaring math symbol \rtimes on input line 248.
LaTeX Font Info:    Redeclaring math symbol \shortmid on input line 249.
LaTeX Font Info:    Redeclaring math symbol \shortparallel on input line 250.
LaTeX Font Info:    Redeclaring math symbol \smallsetminus on input line 251.
LaTeX Font Info:    Redeclaring math symbol \thicksim on input line 252.
LaTeX Font Info:    Redeclaring math symbol \thickapprox on input line 253.
LaTeX Font Info:    Redeclaring math symbol \approxeq on input line 254.
LaTeX Font Info:    Redeclaring math symbol \succapprox on input line 255.
LaTeX Font Info:    Redeclaring math symbol \precapprox on input line 256.
LaTeX Font Info:    Redeclaring math symbol \curvearrowleft on input line 257.
LaTeX Font Info:    Redeclaring math symbol \curvearrowright on input line 258.

LaTeX Font Info:    Redeclaring math symbol \digamma on input line 259.
LaTeX Font Info:    Redeclaring math symbol \varkappa on input line 260.
LaTeX Font Info:    Redeclaring math symbol \Bbbk on input line 261.
LaTeX Font Info:    Redeclaring math symbol \hslash on input line 262.
LaTeX Font Info:    Redeclaring math symbol \backepsilon on input line 265.
)
(C:\Users\mzubayer\AppData\Local\Programs\MiKTeX\tex/latex/base\textcomp.sty
Package: textcomp 2024/04/24 v2.1b Standard LaTeX package
)
(C:\Users\mzubayer\AppData\Local\Programs\MiKTeX\tex/latex/booktabs\booktabs.st
y
Package: booktabs 2020/01/12 v1.61803398 Publication quality tables
\heavyrulewidth=\dimen271
\lightrulewidth=\dimen272
\cmidrulewidth=\dimen273
\belowrulesep=\dimen274
\belowbottomsep=\dimen275
\aboverulesep=\dimen276
\abovetopsep=\dimen277
\cmidrulesep=\dimen278
\cmidrulekern=\dimen279
\defaultaddspace=\dimen280
\@cmidla=\count470
\@cmidlb=\count471
\@aboverulesep=\dimen281
\@belowrulesep=\dimen282
\@thisruleclass=\count472
\@lastruleclass=\count473
\@thisrulewidth=\dimen283
)
(C:\Users\mzubayer\AppData\Local\Programs\MiKTeX\tex/latex/l3backend\l3backend-
pdftex.def
File: l3backend-pdftex.def 2025-10-09 L3 backend support: PDF output (pdfTeX)
\l__color_backend_stack_int=\count474
) (main.aux)
\openout1 = `main.aux'.

LaTeX Font Info:    Checking defaults for OML/cmm/m/it on input line 23.
LaTeX Font Info:    ... okay on input line 23.
LaTeX Font Info:    Checking defaults for OMS/cmsy/m/n on input line 23.
LaTeX Font Info:    ... okay on input line 23.
LaTeX Font Info:    Checking defaults for OT1/cmr/m/n on input line 23.
LaTeX Font Info:    ... okay on input line 23.
LaTeX Font Info:    Checking defaults for T1/cmr/m/n on input line 23.
LaTeX Font Info:    ... okay on input line 23.
LaTeX Font Info:    Checking defaults for TS1/cmr/m/n on input line 23.
LaTeX Font Info:    ... okay on input line 23.
LaTeX Font Info:    Checking defaults for OMX/cmex/m/n on input line 23.
LaTeX Font Info:    ... okay on input line 23.
LaTeX Font Info:    Checking defaults for U/cmr/m/n on input line 23.
LaTeX Font Info:    ... okay on input line 23.
LaTeX Font Info:    Checking defaults for PD1/pdf/m/n on input line 23.
LaTeX Font Info:    ... okay on input line 23.
LaTeX Font Info:    Checking defaults for PU/pdf/m/n on input line 23.
LaTeX Font Info:    ... okay on input line 23.
LaTeX Font Info:    Checking defaults for MDA/cmr/m/n on input line 23.
LaTeX Font Info:    Trying to load font information for MDA+cmr on input line 2
3.

(C:\Users\mzubayer\AppData\Local\Programs\MiKTeX\tex/latex/mathdesign\mdacmr.fd
File: mdacmr.fd 
)
LaTeX Font Info:    ... okay on input line 23.
LaTeX Font Info:    Checking defaults for MDB/cmr/m/n on input line 23.
LaTeX Font Info:    Trying to load font information for MDB+cmr on input line 2
3.

(C:\Users\mzubayer\AppData\Local\Programs\MiKTeX\tex/latex/mathdesign\mdbcmr.fd
File: mdbcmr.fd 
)
LaTeX Font Info:    ... okay on input line 23.

(C:\Users\mzubayer\AppData\Local\Programs\MiKTeX\tex/context/base/mkii\supp-pdf
.mkii
[Loading MPS to PDF converter (version 2006.09.02).]
\scratchcounter=\count475
\scratchdimen=\dimen284
\scratchbox=\box119
\nofMPsegments=\count476
\nofMParguments=\count477
\everyMPshowfont=\toks68
\MPscratchCnt=\count478
\MPscratchDim=\dimen285
\MPnumerator=\count479
\makeMPintoPDFobject=\count480
\everyMPtoPDFconversion=\toks69
)
(C:\Users\mzubayer\AppData\Local\Programs\MiKTeX\tex/latex/epstopdf-pkg\epstopd
f-base.sty
Package: epstopdf-base 2020-01-24 v2.11 Base part for package epstopdf
Package epstopdf-base Info: Redefining graphics rule for `.eps' on input line 4
85.

(C:\Users\mzubayer\AppData\Local\Programs\MiKTeX\tex/latex/00miktex\epstopdf-sy
s.cfg
File: epstopdf-sys.cfg 2021/03/18 v2.0 Configuration of epstopdf for MiKTeX
))
*geometry* driver: auto-detecting
*geometry* detected driver: pdftex
*geometry* verbose mode - [ preamble ] result:
* driver: pdftex
* paper: a4paper
* layout: <same size as paper>
* layoutoffset:(h,v)=(0.0pt,0.0pt)
* modes: 
* h-part:(L,W,R)=(71.13188pt, 455.24411pt, 71.13188pt)
* v-part:(T,H,B)=(71.13188pt, 702.78308pt, 71.13188pt)
* \paperwidth=597.50787pt
* \paperheight=845.04684pt
* \textwidth=455.24411pt
* \textheight=702.78308pt
* \oddsidemargin=-1.1381pt
* \evensidemargin=-1.1381pt
* \topmargin=-38.1381pt
* \headheight=15.0pt
* \headsep=25.0pt
* \topskip=12.0pt
* \footskip=30.0pt
* \marginparwidth=44.0pt
* \marginparsep=10.0pt
* \columnsep=10.0pt
* \skip\footins=10.8pt plus 4.0pt minus 2.0pt
* \hoffset=0.0pt
* \voffset=0.0pt
* \mag=1000
* \@twocolumnfalse
* \@twosidefalse
* \@mparswitchfalse
* \@reversemarginfalse
* (1in=72.27pt=25.4mm, 1cm=28.453pt)

\c@lstlisting=\count481
Package hyperref Info: Link coloring ON on input line 23.
(main.out) (main.out)
\@outlinefile=\write4
\openout4 = `main.out'.

Package caption Info: Begin \AtBeginDocument code.
Package caption Info: End \AtBeginDocument code.


Package mathdesign/mdbch Warning: Package 'amssymb' shouldn't be used in conjon
ction with package mdbch, on input line 23.


Package mathdesign/mdbch Warning: Package 'amsfonts' shouldn't be used in conjo
nction with package mdbch, on input line 23.


(C:\Users\mzubayer\AppData\Local\Programs\MiKTeX\tex/latex/fmtcount\fc-english.
def
File: fc-english.def 2016/01/12
)
LaTeX Font Info:    Font shape `T1/mdbch/b/n' will be
(Font)              scaled to size 11.52008pt on input line 24.
LaTeX Font Info:    Font shape `T1/mdbch/b/n' will be
(Font)              scaled to size 16.58891pt on input line 24.
 (Information/title.txt) (Information/worktype.txt)
LaTeX Font Info:    Font shape `T1/mdbch/m/n' will be
(Font)              scaled to size 13.82408pt on input line 24.
LaTeX Font Info:    Trying to load font information for OT1+mdbch on input line
 24.

(C:\Users\mzubayer\AppData\Local\Programs\MiKTeX\tex/latex/mathdesign/mdbch\ot1
mdbch.fd
File: ot1mdbch.fd 2013/08/29 Fontinst v1.933 font definitions for OT1/mdbch.
)
LaTeX Font Info:    Font shape `OT1/mdbch/m/n' will be
(Font)              scaled to size 11.52008pt on input line 24.
LaTeX Font Info:    Font shape `OT1/mdbch/m/n' will be
(Font)              scaled to size 7.68005pt on input line 24.
LaTeX Font Info:    Font shape `OT1/mdbch/m/n' will be
(Font)              scaled to size 5.76004pt on input line 24.
LaTeX Font Info:    Trying to load font information for OML+mdbch on input line
 24.

(C:\Users\mzubayer\AppData\Local\Programs\MiKTeX\tex/latex/mathdesign/mdbch\oml
mdbch.fd
File: omlmdbch.fd 2013/08/29 Fontinst v1.933 font definitions for OML/mdbch.
)
LaTeX Font Info:    Font shape `OML/mdbch/m/it' will be
(Font)              scaled to size 11.52008pt on input line 24.
LaTeX Font Info:    Font shape `OML/mdbch/m/it' will be
(Font)              scaled to size 7.68005pt on input line 24.
LaTeX Font Info:    Font shape `OML/mdbch/m/it' will be
(Font)              scaled to size 5.76004pt on input line 24.
LaTeX Font Info:    Trying to load font information for OMS+mdbch on input line
 24.

(C:\Users\mzubayer\AppData\Local\Programs\MiKTeX\tex/latex/mathdesign/mdbch\oms
mdbch.fd
File: omsmdbch.fd 2013/08/29 Fontinst v1.933 font definitions for OMS/mdbch.
)
LaTeX Font Info:    Font shape `OMS/mdbch/m/n' will be
(Font)              scaled to size 11.52008pt on input line 24.
LaTeX Font Info:    Font shape `OMS/mdbch/m/n' will be
(Font)              scaled to size 7.68005pt on input line 24.
LaTeX Font Info:    Font shape `OMS/mdbch/m/n' will be
(Font)              scaled to size 5.76004pt on input line 24.
LaTeX Font Info:    Trying to load font information for OMX+mdbch on input line
 24.

(C:\Users\mzubayer\AppData\Local\Programs\MiKTeX\tex/latex/mathdesign/mdbch\omx
mdbch.fd
File: omxmdbch.fd 2013/08/29 Fontinst v1.933 font definitions for OMX/mdbch.
)
LaTeX Font Info:    Font shape `OMX/mdbch/m/n' will be
(Font)              scaled to size 11.52008pt on input line 24.
LaTeX Font Info:    Font shape `OMX/mdbch/m/n' will be
(Font)              scaled to size 7.68005pt on input line 24.
LaTeX Font Info:    Font shape `OMX/mdbch/m/n' will be
(Font)              scaled to size 5.76004pt on input line 24.
LaTeX Font Info:    Font shape `OML/mdbch/m/n' will be
(Font)              scaled to size 11.52008pt on input line 24.
LaTeX Font Info:    Font shape `OML/mdbch/m/n' will be
(Font)              scaled to size 7.68005pt on input line 24.
LaTeX Font Info:    Font shape `OML/mdbch/m/n' will be
(Font)              scaled to size 5.76004pt on input line 24.
LaTeX Font Info:    Trying to load font information for MDA+mdbch on input line
 24.

(C:\Users\mzubayer\AppData\Local\Programs\MiKTeX\tex/latex/mathdesign/mdbch\mda
mdbch.fd
File: mdamdbch.fd 2013/08/29 Fontinst v1.933 font definitions for MDA/mdbch.
)
LaTeX Font Info:    Font shape `MDA/mdbch/m/n' will be
(Font)              scaled to size 11.52008pt on input line 24.
LaTeX Font Info:    Font shape `MDA/mdbch/m/n' will be
(Font)              scaled to size 7.68005pt on input line 24.
LaTeX Font Info:    Font shape `MDA/mdbch/m/n' will be
(Font)              scaled to size 5.76004pt on input line 24.
LaTeX Font Info:    Trying to load font information for MDB+mdbch on input line
 24.

(C:\Users\mzubayer\AppData\Local\Programs\MiKTeX\tex/latex/mathdesign/mdbch\mdb
mdbch.fd
File: mdbmdbch.fd 2013/08/29 Fontinst v1.933 font definitions for MDB/mdbch.
)
LaTeX Font Info:    Font shape `MDB/mdbch/m/n' will be
(Font)              scaled to size 11.52008pt on input line 24.
LaTeX Font Info:    Font shape `MDB/mdbch/m/n' will be
(Font)              scaled to size 7.68005pt on input line 24.
LaTeX Font Info:    Font shape `MDB/mdbch/m/n' will be
(Font)              scaled to size 5.76004pt on input line 24.
LaTeX Font Info:    Trying to load font information for U+msa on input line 24.


(C:\Users\mzubayer\AppData\Local\Programs\MiKTeX\tex/latex/amsfonts\umsa.fd
File: umsa.fd 2013/01/14 v3.01 AMS symbols A
)
LaTeX Font Info:    Trying to load font information for U+msb on input line 24.


(C:\Users\mzubayer\AppData\Local\Programs\MiKTeX\tex/latex/amsfonts\umsb.fd
File: umsb.fd 2013/01/14 v3.01 AMS symbols B
)
LaTeX Font Info:    Font shape `T1/mdbch/m/n' will be
(Font)              scaled to size 5.76004pt on input line 24.
<Information/SEULogo.png, id=881, 658.46pt x 658.46pt>
File: Information/SEULogo.png Graphic file (type png)
<use Information/SEULogo.png>
Package pdftex.def Info: Information/SEULogo.png  used on input line 24.
(pdftex.def)             Requested size: 113.81102pt x 113.80551pt.
LaTeX Font Info:    Font shape `T1/mdbch/b/n' will be
(Font)              scaled to size 13.82408pt on input line 24.

(Information/date.txt) [1

{C:/Users/mzubayer/AppData/Local/MiKTeX/fonts/map/pdftex/pdftex.map}{C:/Users/m
zubayer/AppData/Local/Programs/MiKTeX/fonts/enc/dvips/ly1/texnansi.enc} <./Info
rmation/SEULogo.png>]
(Prologue/letteroftransmittal.tex
Underfull \hbox (badness 10000) in paragraph at lines 24--2

 []

)
Underfull \hbox (badness 1931) in paragraph at lines 24--24
[]\T1/mdbch/m/n/12 Md. Ma-hamudul Hasan
 []


Underfull \hbox (badness 2932) in paragraph at lines 24--24
[]\T1/mdbch/m/n/12 Department of Com-puter Sci-ence
 []

[1

] [2

] (Information/title.txt) (Information/date.txt) [3

]
(Prologue/acknowledgement.tex) (Information/date.txt) [4

]
LaTeX Font Info:    Font shape `T1/mdbch/m/n' will be
(Font)              scaled to size 10.51207pt on input line 24.
LaTeX Font Info:    Font shape `T1/mdbch/b/n' will be
(Font)              scaled to size 10.51207pt on input line 24.

(Prologue/abstract.tex) [5

]
LaTeX Font Info:    Trying to load font information for T1+qhv on input line 24
.

(C:\Users\mzubayer\AppData\Local\Programs\MiKTeX\tex/latex/tex-gyre\t1qhv.fd
File: t1qhv.fd 2009/09/25 v1.2 font definition file for T1/qhv
)
(main.toc
LaTeX Font Info:    Trying to load font information for T1+bch on input line 1.


(C:\Users\mzubayer\AppData\Local\Programs\MiKTeX\tex/latex/psnfss\t1bch.fd
File: t1bch.fd 2004/10/18 font definitions for T1/bch.
)
[6

{C:/Users/mzubayer/AppData/Local/Programs/MiKTeX/fonts/enc/dvips/tex-gyre/q-ec.
enc}{C:/Users/mzubayer/AppData/Local/Programs/MiKTeX/fonts/enc/dvips/base/8r.en
c}] [7] [8] [9] [10] [11])
\tf@toc=\write5
\openout5 = `main.toc'.

 [12]
LaTeX Font Info:    Font shape `T1/mdbch/m/n' will be
(Font)              scaled to size 23.88496pt on input line 24.
LaTeX Font Info:    Font shape `T1/mdbch/b/n' will be
(Font)              scaled to size 23.88496pt on input line 24.
 (main.lof
Overfull \hbox (2.28978pt too wide) in paragraph at lines 6--6
 [][] [][][]\T1/mdbch/m/n/12 PCA cu-mu-la-tive ex-plained vari-ance curve. The 
95% vari-ance re-ten-tion thresh- 
 []


Overfull \hbox (3.09787pt too wide) in paragraph at lines 6--6
 \T1/mdbch/m/n/12 old (dashed red line) is reached at 24 prin-ci-pal com-po-nen
ts, achiev-ing 95.43% 
 []


Overfull \hbox (19.51402pt too wide) in paragraph at lines 17--17
 \T1/mdbch/m/n/12 within 10 epochs, con-firm-ing the model's ex-cel-lent dis-cr
im-i-na-tive abil-ity through- 
 []

)
\tf@lof=\write6
\openout6 = `main.lof'.

 [13

] (main.lot [14

])
\tf@lot=\write7
\openout7 = `main.lot'.

 [15] (Chapters/Chapter1.tex
Chapter 1.

Overfull \hbox (10.70015pt too wide) in paragraph at lines 3--4
\T1/mdbch/m/n/12 be-haviour of many oth-er-wise ``dumb'' switches [[][]1[][]]. 
The pay-off is considerable---administrators
 []

LaTeX Font Info:    Font shape `T1/mdbch/m/sl' will be
(Font)              scaled to size 11.52008pt on input line 8.
[1


]
LaTeX Font Info:    Font shape `T1/mdbch/m/n' will be
(Font)              scaled to size 16.58891pt on input line 10.
LaTeX Font Info:    Font shape `T1/pcr/m/n' will be
(Font)              scaled to size 13.008pt on input line 17.
LaTeX Font Info:    Font shape `T1/mdbch/m/it' will be
(Font)              scaled to size 11.52008pt on input line 19.
 [2
design size mismatch in local font md-chro8t in virtual font mdbchro8t.vf ignor
ed.]
Overfull \hbox (6.96667pt too wide) in paragraph at lines 25--26
\T1/mdbch/m/n/12 comes the most crit-i-cal com-po-nent in the net-work. A suc-c
ess-ful at-tack against the controller---
 []

[3] [4]
Overfull \hbox (5.9194pt too wide) in paragraph at lines 43--44
[]\T1/mdbch/b/n/12 Brute-Force At-tacks. \T1/mdbch/m/n/12 Brute-force at-tacks 
in-volve the sys-tem-atic enu-mer-a-tion of credentials---
 []


Overfull \hbox (0.30902pt too wide) in paragraph at lines 49--50
[]\T1/mdbch/b/n/12 Cryptographic and Protocol-Based Ap-proaches. \T1/mdbch/m/n/
12 TLS-based pro-tec-tion of the con-trol chan-
 []

[5]
Overfull \hbox (6.06918pt too wide) in paragraph at lines 51--52
[]\T1/mdbch/b/n/12 Machine Learn-ing and Deep Learn-ing Ap-proaches. \T1/mdbch/
m/n/12 Tra-di-tional ma-chine learn-ing models---
 []

[6] [7]
Overfull \hbox (8.44855pt too wide) in paragraph at lines 76--77
[]\T1/mdbch/b/n/12 Verification with-out de-tec-tion: \T1/mdbch/m/n/12 Cryp-to-
graphic ver-i-fi-ca-tion mech-a-nisms such as HMAC-
 []

[8]
Overfull \hbox (4.86116pt too wide) in paragraph at lines 106--107
\T1/mdbch/m/n/12 tec-tion per-for-mance met-rics (ac-cu-racy, pre-ci-sion, re-c
all, F1-score), com-pu-ta-tional over-
 []


Overfull \hbox (0.24289pt too wide) in paragraph at lines 106--107
\T1/mdbch/m/n/12 head (in-fer-ence la-tency, HMAC ver-i-fi-ca-tion la-tency), a
nd com-par-ing the re-sults against
 []

[9] [10]
Overfull \hbox (0.59534pt too wide) in paragraph at lines 140--141
\T1/mdbch/m/n/12 located sub-pro-cess along-side the SDN con-troller, per-form-
ing two com-ple-men-tary func-
 []

[11] [12] [13]
Overfull \hbox (5.28203pt too wide) in paragraph at lines 183--184
\T1/mdbch/m/n/12 metrics---accuracy, pre-ci-sion, re-call, F1-score, con-fu-sio
n ma-trix, and la-tency measurements---
 []

[14]) (Chapters/Chapter2.tex [15]
Chapter 2.
[16

] [17]
LaTeX Font Info:    Trying to load font information for TS1+mdbch on input line
 28.

(C:\Users\mzubayer\AppData\Local\Programs\MiKTeX\tex/latex/mathdesign/mdbch\ts1
mdbch.fd
File: ts1mdbch.fd 2013/08/29 Fontinst v1.933 font definitions for TS1/mdbch.
)
LaTeX Font Info:    Font shape `TS1/mdbch/m/n' will be
(Font)              scaled to size 11.52008pt on input line 28.

Overfull \hbox (3.40636pt too wide) in paragraph at lines 36--37
\T1/mdbch/m/n/12 in-clud-ing \T1/pcr/m/n/12 Packet-In \T1/mdbch/m/n/12 mes-sage
s (trig-gered by un-matched pack-ets), \T1/pcr/m/n/12 Port-Status
 []

[18] [19]
LaTeX Font Info:    Font shape `T1/mdbch/b/n' will be
(Font)              scaled to size 7.68005pt on input line 85.
LaTeX Font Info:    Font shape `T1/mdbch/b/n' will be
(Font)              scaled to size 5.76004pt on input line 85.
 [20] [21]
LaTeX Font Info:    Font shape `T1/mdbch/m/n' will be
(Font)              scaled to size 7.68005pt on input line 120.
 [22]
Overfull \hbox (0.40894pt too wide) in paragraph at lines 147--148
[]\T1/mdbch/m/n/12 Batch nor-mal-iza-tion ad-dresses the in-ter-nal co-vari-ate
 shift problem---the phe-nomenon where
 []

[23] [24] [25] [26] [27] [28] [29]
Overfull \hbox (3.26907pt too wide) in paragraph at lines 265--266
[]\T1/mdbch/b/n/12 Packet Header Fea-tures: \T1/mdbch/m/n/12 In-for-ma-tion ex-
tracted from packet head-ers, in-clud-ing source
 []


Overfull \hbox (0.34299pt too wide) in paragraph at lines 269--270
[]\T1/mdbch/b/n/12 Volume Fea-tures: \T1/mdbch/m/n/12 Quan-ti-ta-tive mea-sures
 of traf-fic vol-ume, in-clud-ing to-tal bytes trans-
 []

[30] [31] [32] [33]) (Chapters/Chapter3.tex [34]
Chapter 3.
[35

] [36] [37]
Overfull \hbox (3.02394pt too wide) in paragraph at lines 39--40
\T1/mdbch/m/n/12 frame-work records all controller-to-controller com-mu-ni-ca-t
ions on a per-mis-sioned blockchain
 []

[38] [39] [40] [41] [42] [43] [44] [45] [46]
Overfull \hbox (2.7846pt too wide) in paragraph at lines 173--174
\T1/mdbch/m/n/12 SDN en-vi-ron-ments, com-par-ing InSDN with other avail-able d
atasets in-clud-ing CICFlowMeter-
 []

[47]
Underfull \hbox (badness 10000) in paragraph at lines 194--194
[]\T1/mdbch/m/n/12 Cryptographic
 []


Underfull \hbox (badness 10000) in paragraph at lines 199--199
[]\T1/mdbch/m/n/12 Hybrid (DL +
 []


Underfull \hbox (badness 10000) in paragraph at lines 200--200
[]\T1/mdbch/b/n/12 TCN-HMAC (Pro-
 []


Overfull \hbox (4.80045pt too wide) in paragraph at lines 211--212
[]\T1/mdbch/b/n/12 Gap 2: Ver-i-fi-ca-tion with-out De-tec-tion. \T1/mdbch/m/n/
12 Cryp-to-graphic and protocol-based ap-proaches
 []

[48]
Overfull \hbox (1.59447pt too wide) in paragraph at lines 220--221
[]\T1/mdbch/m/n/12 The TCN-HMAC frame-work is de-signed to close ev-ery one of 
these gaps: it pairs a lightweight
 []

) (Chapters/Chapter4.tex [49]
Chapter 4.
[50

]
Overfull \hbox (17.78987pt too wide) in paragraph at lines 42--43
[]\T1/mdbch/b/n/12 Identifier Fea-tures: \T1/mdbch/m/n/12 These in-clude \T1/pc
r/m/n/12 Flow ID\T1/mdbch/m/n/12 , \T1/pcr/m/n/12 Src IP\T1/mdbch/m/n/12 , \T1/
pcr/m/n/12 Src Port\T1/mdbch/m/n/12 , \T1/pcr/m/n/12 Dst IP\T1/mdbch/m/n/12 , \
T1/pcr/m/n/12 Dst Port\T1/mdbch/m/n/12 ,
 []


Overfull \hbox (24.38515pt too wide) in paragraph at lines 46--47
[]\T1/mdbch/b/n/12 Packet Count Fea-tures: \T1/mdbch/m/n/12 Fea-tures such as \
T1/pcr/m/n/12 Total Fwd Packets\T1/mdbch/m/n/12 , \T1/pcr/m/n/12 Total Bwd Pack
ets\T1/mdbch/m/n/12 ,
 []

[51]
Overfull \hbox (35.05965pt too wide) in paragraph at lines 50--51
[]\T1/mdbch/b/n/12 Packet Length Statis-tics: \T1/mdbch/m/n/12 Fea-tures in-clu
d-ing \T1/pcr/m/n/12 Fwd Packet Length Max/Min/Mean/Std
 []


Overfull \hbox (16.77722pt too wide) in paragraph at lines 50--51
\T1/mdbch/m/n/12 and \T1/pcr/m/n/12 Bwd Packet Length Max/Min/Mean/Std \T1/mdbc
h/m/n/12 pro-vide dis-tri-bu-tional statis-tics about
 []


Overfull \hbox (33.32628pt too wide) in paragraph at lines 52--53
[]\T1/mdbch/b/n/12 Inter-Arrival Time Fea-tures: \T1/pcr/m/n/12 Flow IAT Mean/S
td/Max/Min \T1/mdbch/m/n/12 and their for-ward/backward
 []


Overfull \hbox (1.73335pt too wide) in paragraph at lines 54--55
\T1/pcr/m/n/12 RST Flag Count\T1/mdbch/m/n/12 , \T1/pcr/m/n/12 PSH Flag Count\T
1/mdbch/m/n/12 , \T1/pcr/m/n/12 ACK Flag Count\T1/mdbch/m/n/12 , \T1/pcr/m/n/12
 URG Flag Count\T1/mdbch/m/n/12 ,
 []


Overfull \hbox (1.83928pt too wide) in paragraph at lines 56--57
[]\T1/mdbch/b/n/12 Flow-Level Met-rics: \T1/mdbch/m/n/12 Fea-tures such as \T1/
pcr/m/n/12 Flow Bytes/s\T1/mdbch/m/n/12 , \T1/pcr/m/n/12 Flow Packets/s\T1/mdbc
h/m/n/12 , \T1/pcr/m/n/12 Down/Up
 []


Overfull \hbox (13.20561pt too wide) in paragraph at lines 58--59
[]\T1/mdbch/b/n/12 Sub-flow Fea-tures: \T1/pcr/m/n/12 Subflow Fwd/Bwd Packets \
T1/mdbch/m/n/12 and \T1/pcr/m/n/12 Subflow Fwd/Bwd Bytes
 []


Overfull \hbox (25.15187pt too wide) in paragraph at lines 60--61
[]\T1/mdbch/b/n/12 Active/Idle Fea-tures: \T1/pcr/m/n/12 Active Mean/Std/Max/Mi
n \T1/mdbch/m/n/12 and \T1/pcr/m/n/12 Idle Mean/Std/Max/Min
 []

[52]
<Figures/results/eda_class_distribution.png, id=1795, 772.5663pt x 281.853pt>
File: Figures/results/eda_class_distribution.png Graphic file (type png)
<use Figures/results/eda_class_distribution.png>
Package pdftex.def Info: Figures/results/eda_class_distribution.png  used on in
put line 98.
(pdftex.def)             Requested size: 386.96027pt x 141.1713pt.

Overfull \hbox (46.40373pt too wide) in paragraph at lines 107--108
\T1/mdbch/m/n/12 tial stages. The first nine---consolidation, clean-ing, fea-tu
re reduction---run in the \T1/pcr/m/n/12 preprocess.py
 []

[53]
Overfull \hbox (5.66606pt too wide) in paragraph at lines 111--112
\T1/mdbch/m/n/12 The first pre-pro-cess-ing stage con-cate-nates the three sour
ce CSV files (\T1/pcr/m/n/12 Normal_data.csv\T1/mdbch/m/n/12 ,
 []


Overfull \hbox (10.37096pt too wide) in paragraph at lines 119--120
\T1/mdbch/m/n/12 Identifier and meta-data columns (\T1/pcr/m/n/12 Flow ID\T1/md
bch/m/n/12 , \T1/pcr/m/n/12 Src IP\T1/mdbch/m/n/12 , \T1/pcr/m/n/12 Src Port\T1
/mdbch/m/n/12 , \T1/pcr/m/n/12 Dst IP\T1/mdbch/m/n/12 , \T1/pcr/m/n/12 Dst Port
\T1/mdbch/m/n/12 ,
 []

[54 <./Figures/results/eda_class_distribution.png>]
Overfull \hbox (1.41318pt too wide) in paragraph at lines 137--138
[]\T1/mdbch/b/n/12 NaN Row Re-moval: \T1/mdbch/m/n/12 All rows con-tain-ing any
 \T1/pcr/m/n/12 NaN \T1/mdbch/m/n/12 val-ues are dropped from the dataset.
 []

[55]
Overfull \hbox (101.09781pt too wide) in paragraph at lines 161--162
\T1/mdbch/m/n/12 After com-plet-ing all eight pre-pro-cess-ing stages, the clea
ned dataset is saved as \T1/pcr/m/n/12 insdn_consolidated.csv
 []


Overfull \hbox (137.87393pt too wide) in paragraph at lines 166--181
 [][] 
 []

[56]
Overfull \hbox (4.54926pt too wide) in paragraph at lines 197--198
[]\T1/mdbch/m/n/12 The dedu-pli-ca-tion stage iden-ti-fied and re-moved 160,058
 du-pli-cate rows, re-duc-ing the dataset
 []

[57] [58] [59]
<Figures/results/pca_explained_variance.png, id=1832, 642.4803pt x 281.853pt>
File: Figures/results/pca_explained_variance.png Graphic file (type png)
<use Figures/results/pca_explained_variance.png>
Package pdftex.def Info: Figures/results/pca_explained_variance.png  used on in
put line 287.
(pdftex.def)             Requested size: 386.96027pt x 169.75821pt.
 [60 <./Figures/results/pca_explained_variance.png>]
Overfull \hbox (55.42107pt too wide) in paragraph at lines 329--330
\T1/mdbch/m/n/12 three-dimensional in-put ten-sors of shape \T1/pcr/m/n/12 (bat
ch_size, sequence_length, channels)\T1/mdbch/m/n/12 ,
 []

[61] [62]
Overfull \hbox (32.34015pt too wide) in paragraph at lines 423--424
\T1/mdbch/m/n/12 182,831 dedu-pli-cated, stan-dard-ised, PCA-compressed sam-ple
s in a 70/10/20 train/validation/test
 []

) (Chapters/Chapter5.tex [63]
Chapter 5.
[64

] [65] [66] [67]
Overfull \hbox (17.19453pt too wide) in paragraph at lines 149--150
[]\T1/mdbch/b/n/12 Dense Layer 1: \T1/mdbch/m/n/12 128 neu-rons with batch nor-
mal-iza-tion, ReLU ac-ti-va-tion, and dropout($\OML/mdbch/m/it/12 p \OT1/mdbch/
m/n/12 =
 []


Overfull \hbox (10.78938pt too wide) in paragraph at lines 151--152
[]\T1/mdbch/b/n/12 Dense Layer 2: \T1/mdbch/m/n/12 64 neu-rons with batch nor-m
al-iza-tion, ReLU ac-ti-va-tion, and dropout($\OML/mdbch/m/it/12 p \OT1/mdbch/m
/n/12 =
 []

[68]
Underfull \hbox (badness 2894) in paragraph at lines 181--182
\T1/mdbch/m/n/12 fit-ting with-out ex-ces-sive in-for-ma-tion
 []

[69] [70] [71] [72]
Overfull \hbox (1.03102pt too wide) in paragraph at lines 277--278
[]\T1/mdbch/m/n/12 This en-sures that the fi-nal model used for eval-u-a-tion a
nd de-ploy-ment is the one that achieved
 []


Overfull \hbox (56.2794pt too wide) in paragraph at lines 281--282
\T1/mdbch/m/n/12 The fol-low-ing met-rics are mon-i-tored dur-ing train-ing and
 logged to a CSV file (\T1/pcr/m/n/12 training_log.csv\T1/mdbch/m/n/12 )
 []

[73] [74] [75]) (Chapters/Chapter6.tex [76]
Chapter 6.

Overfull \hbox (15.14082pt too wide) in paragraph at lines 3--4
\T1/mdbch/m/n/12 message-authentication pro-to-col, the flow-rule ver-i-fi-ca-t
ion mech-a-nism, the challenge--response
 []

[77

]
<Figures/system_architecture.drawio.png, id=1954, 710.655pt x 607.26875pt>
File: Figures/system_architecture.drawio.png Graphic file (type png)
<use Figures/system_architecture.drawio.png>
Package pdftex.def Info: Figures/system_architecture.drawio.png  used on input 
line 29.
(pdftex.def)             Requested size: 455.24411pt x 389.02132pt.
 [78 <./Figures/system_architecture.drawio.png>]
Overfull \hbox (7.4316pt too wide) in paragraph at lines 49--50
[]\T1/mdbch/b/n/12 TCN In-fer-ence En-gine: \T1/mdbch/m/n/12 Loads the trained 
TCN model (\T1/pcr/m/n/12 best_tcn_insdn.keras\T1/mdbch/m/n/12 )
 []

[79] [80] [81]
LaTeX Font Info:    Font shape `T1/mdbch/m/n' will be
(Font)              scaled to size 9.60007pt on input line 133.
LaTeX Font Info:    Font shape `T1/pcr/m/n' will be
(Font)              scaled to size 10.84pt on input line 133.
LaTeX Font Info:    Font shape `T1/mdbch/m/it' will be
(Font)              scaled to size 7.68005pt on input line 146.
LaTeX Font Info:    Font shape `T1/mdbch/m/it' will be
(Font)              scaled to size 5.76004pt on input line 146.
 [82] [83]
Overfull \hbox (56.26198pt too wide) in paragraph at lines 201--202
[]\T1/mdbch/m/n/12 Periodically (ev-ery $\OML/mdbch/m/it/12 T[]$ \T1/mdbch/m/n/
12 sec-onds, de-fault 30), the con-troller sends a \T1/pcr/m/n/12 Flow_Stats_Re
quest
 []

[84] [85]
Overfull \hbox (10.22261pt too wide) in paragraph at lines 286--287
[]\T1/mdbch/b/n/12 Mutual Au-then-ti-ca-tion: \T1/mdbch/m/n/12 The con-troller 
and each switch per-form the challenge-response
 []

[86]
Overfull \hbox (2.17047pt too wide) in paragraph at lines 331--332
\T1/mdbch/m/n/12 This sec-tion an-a-lyzes the se-cu-rity prop-er-ties of the TC
N-HMAC frame-work against the threats
 []

[87]
Overfull \hbox (4.85425pt too wide) in paragraph at lines 366--367
[]\T1/mdbch/b/n/12 Controller Ver-i-fi-ca-tion: \T1/mdbch/m/n/12 Switches ver-i
fy the con-troller's iden-tity through the challenge-
 []

[88] [89]
Underfull \hbox (badness 10000) in paragraph at lines 410--410
[]\T1/mdbch/b/n/12 Comm.
 []


Underfull \hbox (badness 10000) in paragraph at lines 410--411
[]\T1/mdbch/b/n/12 Defense
 []


Underfull \hbox (badness 10000) in paragraph at lines 412--412
[]\T1/mdbch/m/n/12 Signature
 []


Underfull \hbox (badness 10000) in paragraph at lines 413--413
[]\T1/mdbch/m/n/12 ML-based
 []


Underfull \hbox (badness 10000) in paragraph at lines 415--415
[]\T1/mdbch/m/n/12 Blockchain
 []


Underfull \hbox (badness 10000) in paragraph at lines 416--416
[]\T1/mdbch/m/n/12 TCN-HMAC
 []

[90] [91]) (Chapters/Chapter7.tex [92]
Chapter 7.

Overfull \hbox (1.04715pt too wide) in paragraph at lines 36--37
\T1/mdbch/m/n/12 The soft-ware en-vi-ron-ment com-prises the deep learn-ing fra
me-work, data pro-cess-ing li-braries,
 []

[93

] [94] [95] [96] [97] [98] [99]
Overfull \hbox (1.86827pt too wide) in paragraph at lines 298--299
\T1/mdbch/m/n/12 Re-duceL-ROn-Plateau (pa-tience=7, fac-tor=0.5), Mod-elCheck-p
oint (mon-i-tor=val_auc),
 []

) (Chapters/Chapter8.tex [100] [101]
Chapter 8.
[102

]
<Figures/results/plot_loss.png, id=2216, 570.933pt x 354.123pt>
File: Figures/results/plot_loss.png Graphic file (type png)
<use Figures/results/plot_loss.png>
Package pdftex.def Info: Figures/results/plot_loss.png  used on input line 31.
(pdftex.def)             Requested size: 364.19667pt x 225.90306pt.
<Figures/results/plot_accuracy.png, id=2217, 570.933pt x 354.123pt>
File: Figures/results/plot_accuracy.png Graphic file (type png)
<use Figures/results/plot_accuracy.png>
Package pdftex.def Info: Figures/results/plot_accuracy.png  used on input line 
42.
(pdftex.def)             Requested size: 364.19667pt x 225.90306pt.
 [103 <./Figures/results/plot_loss.png>] [104 <./Figures/results/plot_accuracy.
png>]
<Figures/results/plot_confusion_matrix.png, id=2229, 362.7954pt x 354.123pt>
File: Figures/results/plot_confusion_matrix.png Graphic file (type png)
<use Figures/results/plot_confusion_matrix.png>
Package pdftex.def Info: Figures/results/plot_confusion_matrix.png  used on inp
ut line 108.
(pdftex.def)             Requested size: 250.38564pt x 244.40456pt.
 [105] [106 <./Figures/results/plot_confusion_matrix.png>] [107]
<Figures/results/plot_precision_recall.png, id=2245, 570.933pt x 354.123pt>
File: Figures/results/plot_precision_recall.png Graphic file (type png)
<use Figures/results/plot_precision_recall.png>
Package pdftex.def Info: Figures/results/plot_precision_recall.png  used on inp
ut line 186.
(pdftex.def)             Requested size: 364.19667pt x 225.90306pt.

[108 <./Figures/results/plot_precision_recall.png>]
<Figures/results/plot_roc_curve.png, id=2251, 498.663pt x 426.393pt>
File: Figures/results/plot_roc_curve.png Graphic file (type png)
<use Figures/results/plot_roc_curve.png>
Package pdftex.def Info: Figures/results/plot_roc_curve.png  used on input line
 215.
(pdftex.def)             Requested size: 318.66948pt x 272.4872pt.
<Figures/results/plot_auc.png, id=2252, 570.933pt x 354.123pt>
File: Figures/results/plot_auc.png Graphic file (type png)
<use Figures/results/plot_auc.png>
Package pdftex.def Info: Figures/results/plot_auc.png  used on input line 222.
(pdftex.def)             Requested size: 364.19667pt x 225.90306pt.
 [109 <./Figures/results/plot_roc_curve.png>] [110 <./Figures/results/plot_auc.
png>]
Overfull \hbox (3.65614pt too wide) in paragraph at lines 308--309
[]\T1/mdbch/b/n/12 Preprocessed Data: \T1/mdbch/m/n/12 The PCA-reduced 24-dimen
sional in-put min-i-mizes the per-sample
 []

[111]
Overfull \hbox (38.80533pt too wide) in paragraph at lines 317--318
\T1/mdbch/m/n/12 com-po-nent's per-for-mance char-ac-ter-is-tics are an-a-lyzed
 the-o-ret-i-cally and through micro-benchmarks: 
 []

[112] [113] [114] [115]) (Chapters/Chapter9.tex [116]
Chapter 9.
[117

] [118]
Overfull \hbox (0.49963pt too wide) in paragraph at lines 94--95
[]\T1/mdbch/b/n/12 Edge De-ploy-ment: \T1/mdbch/m/n/12 The small model size en-
ables de-ploy-ment on resource-constrained
 []

[119] [120]
Overfull \hbox (1.62132pt too wide) in paragraph at lines 167--168
\T1/mdbch/m/n/12 TLS pro-vides transport-layer en-cryp-tion and au-then-ti-ca-t
ion for the Open-Flow chan-nel. How-
 []

[121] [122] [123]) (Chapters/Chapter10.tex [124]
Chapter 10.
[125

] [126]
Overfull \hbox (2.76907pt too wide) in paragraph at lines 74--75
\T1/mdbch/m/n/12 nat-ing van-ish-ing/exploding gra-di-ent prob-lems and en-abli
ng deeper ar-chi-tec-tures with-
 []

[127]
Overfull \hbox (1.43163pt too wide) in paragraph at lines 94--95
[]\T1/mdbch/b/n/12 Comparative Anal-y-sis: \T1/mdbch/m/n/12 A com-pre-hen-sive 
com-par-i-son of 15 ex-ist-ing ap-proaches across
 []

[128] [129]
Overfull \hbox (1.99727pt too wide) in paragraph at lines 156--157
[]\T1/mdbch/m/n/12 Evaluate the model against es-tab-lished ad-ver-sar-ial at-t
ack meth-ods (FGSM, PGD, C&W)
 []

[130] [131]) (Extensions/bibliography.tex [132] (main.bbl [133


] [134] [135]
[136]
Underfull \hbox (badness 1221) in paragraph at lines 273--276
\T1/mdbch/m/n/12 us-ing MuZero and blockchain,'' \T1/mdbch/m/it/12 Fu-ture Gen-
er-a-tion Com-puter Sys-tems\T1/mdbch/m/n/12 , vol. 164,
 []

[137] [138] [139])) [140]
LaTeX Font Info:    Font shape `T1/phv/m/n' will be
(Font)              scaled to size 10.59595pt on input line 83.
LaTeX Font Info:    Font shape `T1/phv/m/n' will be
(Font)              scaled to size 7.06396pt on input line 83.
 [141

] (main.aux)
 ***********
LaTeX2e <2025-11-01>
L3 programming layer <2025-12-24>
 ***********
Package rerunfilecheck Info: File `main.out' has not changed.
(rerunfilecheck)             Checksum: A23EB2457BC39D184DA34C216872842F;41425.
 ) 
Here is how much of TeX's memory you used:
 30083 strings out of 467871
 569186 string characters out of 5416924
 1067759 words of memory out of 5000000
 57618 multiletter control sequences out of 15000+600000
 714379 words of font info for 139 fonts, out of 8000000 for 9000
 1141 hyphenation exceptions out of 8191
 109i,15n,107p,1786b,585s stack positions out of 10000i,1000n,20000p,200000b,200000s
<C:/Users/mzubayer/AppData/Local/Programs/MiKTeX/fonts/type1/bitstrea/charter
/bchb8a.pfb><C:/Users/mzubayer/AppData/Local/Programs/MiKTeX/fonts/type1/bitstr
ea/charter/bchr8a.pfb><C:/Users/mzubayer/AppData/Local/Programs/MiKTeX/fonts/ty
pe1/bitstrea/charter/bchr8a.pfb><C:/Users/mzubayer/AppData/Local/Programs/MiKTe
X/fonts/type1/bitstrea/charter/bchri8a.pfb><C:/Users/mzubayer/AppData/Local/Pro
grams/MiKTeX/fonts/type1/mathdesign/mdbch/md-chb8t.pfb><C:/Users/mzubayer/AppDa
ta/Local/Programs/MiKTeX/fonts/type1/mathdesign/mdbch/md-chr7t.pfb><C:/Users/mz
ubayer/AppData/Local/Programs/MiKTeX/fonts/type1/mathdesign/mdbch/md-chr7v.pfb>
<C:/Users/mzubayer/AppData/Local/Programs/MiKTeX/fonts/type1/mathdesign/mdbch/m
d-chr7y.pfb><C:/Users/mzubayer/AppData/Local/Programs/MiKTeX/fonts/type1/mathde
sign/mdbch/md-chr8t.pfb><C:/Users/mzubayer/AppData/Local/Programs/MiKTeX/fonts/
type1/mathdesign/mdbch/md-chri7m.pfb><C:/Users/mzubayer/AppData/Local/Programs/
MiKTeX/fonts/type1/mathdesign/mdbch/md-chri8t.pfb><C:/Users/mzubayer/AppData/Lo
cal/Programs/MiKTeX/fonts/type1/mathdesign/mdbch/md-chrma.pfb><C:/Users/mzubaye
r/AppData/Local/Programs/MiKTeX/fonts/type1/public/tex-gyre/qhvb.pfb><C:/Users/
mzubayer/AppData/Local/Programs/MiKTeX/fonts/type1/public/tex-gyre/qhvbi.pfb><C
:/Users/mzubayer/AppData/Local/Programs/MiKTeX/fonts/type1/urw/courier/ucrr8a.p
fb><C:/Users/mzubayer/AppData/Local/Programs/MiKTeX/fonts/type1/urw/helvetic/uh
vr8a.pfb>
Output written on main.pdf (157 pages, 1221265 bytes).
PDF statistics:
 2740 PDF objects out of 2984 (max. 8388607)
 785 named destinations out of 1000 (max. 500000)
 1815 words of extra memory for PDF output out of 10000 (max. 10000000)

