\BOOKMARK [0][-]{DTLrowi.2.1}{\376\377\000L\000E\000T\000T\000E\000R\000\040\000O\000F\000\040\000T\000R\000A\000N\000S\000M\000I\000T\000T\000A\000L}{}% 1
\BOOKMARK [0][-]{DTLrowi.5.1}{\376\377\000C\000A\000N\000D\000I\000D\000A\000T\000E\000S\000'\000\040\000D\000E\000C\000L\000A\000R\000A\000T\000I\000O\000N}{}% 2
\BOOKMARK [0][-]{DTLrowi.7.1}{\376\377\000C\000E\000R\000T\000I\000F\000I\000C\000A\000T\000I\000O\000N}{}% 3
\BOOKMARK [0][-]{DTLrowi.10.1}{\376\377\000A\000C\000K\000N\000O\000W\000L\000E\000D\000G\000E\000M\000E\000N\000T}{}% 4
\BOOKMARK [0][-]{DTLrowi.11.1}{\376\377\000A\000B\000S\000T\000R\000A\000C\000T}{}% 5
\BOOKMARK [0][-]{section*.5}{\376\377\000L\000i\000s\000t\000\040\000o\000f\000\040\000F\000i\000g\000u\000r\000e\000s}{}% 6
\BOOKMARK [0][-]{section*.6}{\376\377\000L\000i\000s\000t\000\040\000o\000f\000\040\000T\000a\000b\000l\000e\000s}{}% 7
\BOOKMARK [0][-]{chapter.1}{\376\377\000I\000n\000t\000r\000o\000d\000u\000c\000t\000i\000o\000n}{}% 8
\BOOKMARK [1][-]{section.1.1}{\376\377\000B\000a\000c\000k\000g\000r\000o\000u\000n\000d\000\040\000a\000n\000d\000\040\000M\000o\000t\000i\000v\000a\000t\000i\000o\000n}{chapter.1}% 9
\BOOKMARK [2][-]{subsection.1.1.1}{\376\377\000S\000o\000f\000t\000w\000a\000r\000e\000-\000D\000e\000f\000i\000n\000e\000d\000\040\000N\000e\000t\000w\000o\000r\000k\000i\000n\000g\000\040\000A\000r\000c\000h\000i\000t\000e\000c\000t\000u\000r\000e}{section.1.1}% 10
\BOOKMARK [2][-]{subsection.1.1.2}{\376\377\000S\000e\000c\000u\000r\000i\000t\000y\000\040\000C\000h\000a\000l\000l\000e\000n\000g\000e\000s\000\040\000i\000n\000\040\000S\000D\000N}{section.1.1}% 11
\BOOKMARK [2][-]{subsection.1.1.3}{\376\377\000A\000t\000t\000a\000c\000k\000\040\000T\000a\000x\000o\000n\000o\000m\000y\000\040\000i\000n\000\040\000S\000D\000N\000\040\000E\000n\000v\000i\000r\000o\000n\000m\000e\000n\000t\000s}{section.1.1}% 12
\BOOKMARK [2][-]{subsection.1.1.4}{\376\377\000L\000i\000m\000i\000t\000a\000t\000i\000o\000n\000s\000\040\000o\000f\000\040\000E\000x\000i\000s\000t\000i\000n\000g\000\040\000A\000p\000p\000r\000o\000a\000c\000h\000e\000s}{section.1.1}% 13
\BOOKMARK [2][-]{subsection.1.1.5}{\376\377\000T\000h\000e\000\040\000C\000a\000s\000e\000\040\000f\000o\000r\000\040\000T\000e\000m\000p\000o\000r\000a\000l\000\040\000C\000o\000n\000v\000o\000l\000u\000t\000i\000o\000n\000a\000l\000\040\000N\000e\000t\000w\000o\000r\000k\000s}{section.1.1}% 14
\BOOKMARK [2][-]{subsection.1.1.6}{\376\377\000T\000h\000e\000\040\000R\000o\000l\000e\000\040\000o\000f\000\040\000H\000M\000A\000C\000\040\000i\000n\000\040\000F\000l\000o\000w\000\040\000R\000u\000l\000e\000\040\000I\000n\000t\000e\000g\000r\000i\000t\000y}{section.1.1}% 15
\BOOKMARK [1][-]{section.1.2}{\376\377\000P\000r\000o\000b\000l\000e\000m\000\040\000S\000t\000a\000t\000e\000m\000e\000n\000t}{chapter.1}% 16
\BOOKMARK [1][-]{section.1.3}{\376\377\000R\000e\000s\000e\000a\000r\000c\000h\000\040\000O\000b\000j\000e\000c\000t\000i\000v\000e\000s}{chapter.1}% 17
\BOOKMARK [1][-]{section.1.4}{\376\377\000S\000i\000g\000n\000i\000f\000i\000c\000a\000n\000c\000e\000\040\000o\000f\000\040\000t\000h\000e\000\040\000S\000t\000u\000d\000y}{chapter.1}% 18
\BOOKMARK [1][-]{section.1.5}{\376\377\000R\000e\000s\000e\000a\000r\000c\000h\000\040\000C\000o\000n\000t\000r\000i\000b\000u\000t\000i\000o\000n\000s}{chapter.1}% 19
\BOOKMARK [1][-]{section.1.6}{\376\377\000S\000c\000o\000p\000e\000\040\000a\000n\000d\000\040\000L\000i\000m\000i\000t\000a\000t\000i\000o\000n\000s}{chapter.1}% 20
\BOOKMARK [1][-]{section.1.7}{\376\377\000T\000h\000e\000s\000i\000s\000\040\000O\000r\000g\000a\000n\000i\000z\000a\000t\000i\000o\000n}{chapter.1}% 21
\BOOKMARK [0][-]{chapter.2}{\376\377\000B\000a\000c\000k\000g\000r\000o\000u\000n\000d}{}% 22
\BOOKMARK [1][-]{section.2.1}{\376\377\000S\000o\000f\000t\000w\000a\000r\000e\000-\000D\000e\000f\000i\000n\000e\000d\000\040\000N\000e\000t\000w\000o\000r\000k\000i\000n\000g\000\040\000A\000r\000c\000h\000i\000t\000e\000c\000t\000u\000r\000e}{chapter.2}% 23
\BOOKMARK [2][-]{subsection.2.1.1}{\376\377\000D\000a\000t\000a\000\040\000P\000l\000a\000n\000e}{section.2.1}% 24
\BOOKMARK [2][-]{subsection.2.1.2}{\376\377\000C\000o\000n\000t\000r\000o\000l\000\040\000P\000l\000a\000n\000e}{section.2.1}% 25
\BOOKMARK [2][-]{subsection.2.1.3}{\376\377\000A\000p\000p\000l\000i\000c\000a\000t\000i\000o\000n\000\040\000L\000a\000y\000e\000r}{section.2.1}% 26
\BOOKMARK [2][-]{subsection.2.1.4}{\376\377\000O\000p\000e\000n\000F\000l\000o\000w\000\040\000P\000r\000o\000t\000o\000c\000o\000l}{section.2.1}% 27
\BOOKMARK [1][-]{section.2.2}{\376\377\000T\000e\000m\000p\000o\000r\000a\000l\000\040\000C\000o\000n\000v\000o\000l\000u\000t\000i\000o\000n\000a\000l\000\040\000N\000e\000t\000w\000o\000r\000k\000s}{chapter.2}% 28
\BOOKMARK [2][-]{subsection.2.2.1}{\376\377\000C\000a\000u\000s\000a\000l\000\040\000C\000o\000n\000v\000o\000l\000u\000t\000i\000o\000n\000s}{section.2.2}% 29
\BOOKMARK [2][-]{subsection.2.2.2}{\376\377\000D\000i\000l\000a\000t\000e\000d\000\040\000C\000o\000n\000v\000o\000l\000u\000t\000i\000o\000n\000s}{section.2.2}% 30
\BOOKMARK [2][-]{subsection.2.2.3}{\376\377\000R\000e\000s\000i\000d\000u\000a\000l\000\040\000C\000o\000n\000n\000e\000c\000t\000i\000o\000n\000s}{section.2.2}% 31
\BOOKMARK [2][-]{subsection.2.2.4}{\376\377\000B\000a\000t\000c\000h\000\040\000N\000o\000r\000m\000a\000l\000i\000z\000a\000t\000i\000o\000n}{section.2.2}% 32
\BOOKMARK [2][-]{subsection.2.2.5}{\376\377\000D\000r\000o\000p\000o\000u\000t\000\040\000a\000n\000d\000\040\000S\000p\000a\000t\000i\000a\000l\000\040\000D\000r\000o\000p\000o\000u\000t}{section.2.2}% 33
\BOOKMARK [2][-]{subsection.2.2.6}{\376\377\000G\000l\000o\000b\000a\000l\000\040\000A\000v\000e\000r\000a\000g\000e\000\040\000P\000o\000o\000l\000i\000n\000g}{section.2.2}% 34
\BOOKMARK [2][-]{subsection.2.2.7}{\376\377\000A\000d\000v\000a\000n\000t\000a\000g\000e\000s\000\040\000o\000f\000\040\000T\000C\000N\000s\000\040\000o\000v\000e\000r\000\040\000R\000e\000c\000u\000r\000r\000e\000n\000t\000\040\000A\000r\000c\000h\000i\000t\000e\000c\000t\000u\000r\000e\000s}{section.2.2}% 35
\BOOKMARK [1][-]{section.2.3}{\376\377\000H\000a\000s\000h\000-\000B\000a\000s\000e\000d\000\040\000M\000e\000s\000s\000a\000g\000e\000\040\000A\000u\000t\000h\000e\000n\000t\000i\000c\000a\000t\000i\000o\000n\000\040\000C\000o\000d\000e\000s}{chapter.2}% 36
\BOOKMARK [2][-]{subsection.2.3.1}{\376\377\000M\000a\000t\000h\000e\000m\000a\000t\000i\000c\000a\000l\000\040\000D\000e\000f\000i\000n\000i\000t\000i\000o\000n}{section.2.3}% 37
\BOOKMARK [2][-]{subsection.2.3.2}{\376\377\000S\000e\000c\000u\000r\000i\000t\000y\000\040\000P\000r\000o\000p\000e\000r\000t\000i\000e\000s}{section.2.3}% 38
\BOOKMARK [2][-]{subsection.2.3.3}{\376\377\000C\000o\000m\000p\000u\000t\000a\000t\000i\000o\000n\000a\000l\000\040\000E\000f\000f\000i\000c\000i\000e\000n\000c\000y}{section.2.3}% 39
\BOOKMARK [2][-]{subsection.2.3.4}{\376\377\000H\000M\000A\000C\000\040\000i\000n\000\040\000t\000h\000e\000\040\000C\000o\000n\000t\000e\000x\000t\000\040\000o\000f\000\040\000S\000D\000N\000\040\000F\000l\000o\000w\000\040\000R\000u\000l\000e\000\040\000V\000e\000r\000i\000f\000i\000c\000a\000t\000i\000o\000n}{section.2.3}% 40
\BOOKMARK [1][-]{section.2.4}{\376\377\000D\000e\000e\000p\000\040\000L\000e\000a\000r\000n\000i\000n\000g\000\040\000f\000o\000r\000\040\000N\000e\000t\000w\000o\000r\000k\000\040\000I\000n\000t\000r\000u\000s\000i\000o\000n\000\040\000D\000e\000t\000e\000c\000t\000i\000o\000n}{chapter.2}% 41
\BOOKMARK [2][-]{subsection.2.4.1}{\376\377\000M\000a\000c\000h\000i\000n\000e\000\040\000L\000e\000a\000r\000n\000i\000n\000g\000\040\000A\000p\000p\000r\000o\000a\000c\000h\000e\000s}{section.2.4}% 42
\BOOKMARK [2][-]{subsection.2.4.2}{\376\377\000D\000e\000e\000p\000\040\000L\000e\000a\000r\000n\000i\000n\000g\000\040\000A\000p\000p\000r\000o\000a\000c\000h\000e\000s}{section.2.4}% 43
\BOOKMARK [2][-]{subsection.2.4.3}{\376\377\000F\000e\000a\000t\000u\000r\000e\000\040\000E\000n\000g\000i\000n\000e\000e\000r\000i\000n\000g\000\040\000f\000o\000r\000\040\000I\000n\000t\000r\000u\000s\000i\000o\000n\000\040\000D\000e\000t\000e\000c\000t\000i\000o\000n}{section.2.4}% 44
\BOOKMARK [1][-]{section.2.5}{\376\377\000E\000v\000a\000l\000u\000a\000t\000i\000o\000n\000\040\000M\000e\000t\000r\000i\000c\000s\000\040\000f\000o\000r\000\040\000I\000n\000t\000r\000u\000s\000i\000o\000n\000\040\000D\000e\000t\000e\000c\000t\000i\000o\000n}{chapter.2}% 45
\BOOKMARK [1][-]{section.2.6}{\376\377\000P\000r\000i\000n\000c\000i\000p\000a\000l\000\040\000C\000o\000m\000p\000o\000n\000e\000n\000t\000\040\000A\000n\000a\000l\000y\000s\000i\000s}{chapter.2}% 46
\BOOKMARK [1][-]{section.2.7}{\376\377\000C\000l\000a\000s\000s\000\040\000I\000m\000b\000a\000l\000a\000n\000c\000e\000\040\000H\000a\000n\000d\000l\000i\000n\000g}{chapter.2}% 47
\BOOKMARK [1][-]{section.2.8}{\376\377\000C\000h\000a\000p\000t\000e\000r\000\040\000S\000u\000m\000m\000a\000r\000y}{chapter.2}% 48
\BOOKMARK [0][-]{chapter.3}{\376\377\000L\000i\000t\000e\000r\000a\000t\000u\000r\000e\000\040\000R\000e\000v\000i\000e\000w}{}% 49
\BOOKMARK [1][-]{section.3.1}{\376\377\000C\000r\000y\000p\000t\000o\000g\000r\000a\000p\000h\000i\000c\000\040\000a\000n\000d\000\040\000P\000r\000o\000t\000o\000c\000o\000l\000-\000B\000a\000s\000e\000d\000\040\000S\000D\000N\000\040\000S\000e\000c\000u\000r\000i\000t\000y}{chapter.3}% 50
\BOOKMARK [1][-]{section.3.2}{\376\377\000B\000l\000o\000c\000k\000c\000h\000a\000i\000n\000-\000B\000a\000s\000e\000d\000\040\000A\000p\000p\000r\000o\000a\000c\000h\000e\000s\000\040\000f\000o\000r\000\040\000S\000D\000N\000\040\000S\000e\000c\000u\000r\000i\000t\000y}{chapter.3}% 51
\BOOKMARK [1][-]{section.3.3}{\376\377\000M\000a\000c\000h\000i\000n\000e\000\040\000L\000e\000a\000r\000n\000i\000n\000g\000-\000B\000a\000s\000e\000d\000\040\000I\000n\000t\000r\000u\000s\000i\000o\000n\000\040\000D\000e\000t\000e\000c\000t\000i\000o\000n\000\040\000i\000n\000\040\000S\000D\000N}{chapter.3}% 52
\BOOKMARK [1][-]{section.3.4}{\376\377\000D\000e\000e\000p\000\040\000L\000e\000a\000r\000n\000i\000n\000g\000-\000B\000a\000s\000e\000d\000\040\000I\000n\000t\000r\000u\000s\000i\000o\000n\000\040\000D\000e\000t\000e\000c\000t\000i\000o\000n\000\040\000i\000n\000\040\000S\000D\000N}{chapter.3}% 53
\BOOKMARK [2][-]{subsection.3.4.1}{\376\377\000C\000N\000N\000-\000B\000a\000s\000e\000d\000\040\000A\000p\000p\000r\000o\000a\000c\000h\000e\000s}{section.3.4}% 54
\BOOKMARK [2][-]{subsection.3.4.2}{\376\377\000L\000S\000T\000M\000\040\000a\000n\000d\000\040\000R\000N\000N\000-\000B\000a\000s\000e\000d\000\040\000A\000p\000p\000r\000o\000a\000c\000h\000e\000s}{section.3.4}% 55
\BOOKMARK [2][-]{subsection.3.4.3}{\376\377\000T\000r\000a\000n\000s\000f\000o\000r\000m\000e\000r\000-\000B\000a\000s\000e\000d\000\040\000A\000p\000p\000r\000o\000a\000c\000h\000e\000s}{section.3.4}% 56
\BOOKMARK [2][-]{subsection.3.4.4}{\376\377\000R\000e\000i\000n\000f\000o\000r\000c\000e\000m\000e\000n\000t\000\040\000L\000e\000a\000r\000n\000i\000n\000g\000-\000B\000a\000s\000e\000d\000\040\000A\000p\000p\000r\000o\000a\000c\000h\000e\000s}{section.3.4}% 57
\BOOKMARK [2][-]{subsection.3.4.5}{\376\377\000F\000e\000d\000e\000r\000a\000t\000e\000d\000\040\000a\000n\000d\000\040\000D\000i\000s\000t\000r\000i\000b\000u\000t\000e\000d\000\040\000A\000p\000p\000r\000o\000a\000c\000h\000e\000s}{section.3.4}% 58
\BOOKMARK [1][-]{section.3.5}{\376\377\000T\000C\000N\000-\000B\000a\000s\000e\000d\000\040\000I\000n\000t\000r\000u\000s\000i\000o\000n\000\040\000D\000e\000t\000e\000c\000t\000i\000o\000n}{chapter.3}% 59
\BOOKMARK [1][-]{section.3.6}{\376\377\000A\000u\000t\000h\000e\000n\000t\000i\000c\000a\000t\000i\000o\000n\000\040\000a\000n\000d\000\040\000A\000c\000c\000e\000s\000s\000\040\000C\000o\000n\000t\000r\000o\000l\000\040\000i\000n\000\040\000S\000D\000N}{chapter.3}% 60
\BOOKMARK [1][-]{section.3.7}{\376\377\000H\000y\000b\000r\000i\000d\000\040\000S\000e\000c\000u\000r\000i\000t\000y\000\040\000A\000p\000p\000r\000o\000a\000c\000h\000e\000s}{chapter.3}% 61
\BOOKMARK [2][-]{subsection.3.7.1}{\376\377\000T\000h\000e\000\040\000H\000y\000b\000r\000i\000d\000\040\000G\000a\000p}{section.3.7}% 62
\BOOKMARK [1][-]{section.3.8}{\376\377\000D\000a\000t\000a\000s\000e\000t\000\040\000S\000t\000u\000d\000i\000e\000s\000\040\000f\000o\000r\000\040\000S\000D\000N\000\040\000I\000n\000t\000r\000u\000s\000i\000o\000n\000\040\000D\000e\000t\000e\000c\000t\000i\000o\000n}{chapter.3}% 63
\BOOKMARK [1][-]{section.3.9}{\376\377\000S\000u\000m\000m\000a\000r\000y\000\040\000o\000f\000\040\000L\000i\000t\000e\000r\000a\000t\000u\000r\000e\000\040\000a\000n\000d\000\040\000R\000e\000s\000e\000a\000r\000c\000h\000\040\000G\000a\000p\000s}{chapter.3}% 64
\BOOKMARK [0][-]{chapter.4}{\376\377\000D\000a\000t\000a\000s\000e\000t\000\040\000a\000n\000d\000\040\000P\000r\000e\000p\000r\000o\000c\000e\000s\000s\000i\000n\000g}{}% 65
\BOOKMARK [1][-]{section.4.1}{\376\377\000T\000h\000e\000\040\000I\000n\000S\000D\000N\000\040\000D\000a\000t\000a\000s\000e\000t}{chapter.4}% 66
\BOOKMARK [2][-]{subsection.4.1.1}{\376\377\000D\000a\000t\000a\000s\000e\000t\000\040\000G\000e\000n\000e\000r\000a\000t\000i\000o\000n\000\040\000E\000n\000v\000i\000r\000o\000n\000m\000e\000n\000t}{section.4.1}% 67
\BOOKMARK [2][-]{subsection.4.1.2}{\376\377\000S\000o\000u\000r\000c\000e\000\040\000F\000i\000l\000e\000s\000\040\000a\000n\000d\000\040\000C\000o\000m\000p\000o\000s\000i\000t\000i\000o\000n}{section.4.1}% 68
\BOOKMARK [2][-]{subsection.4.1.3}{\376\377\000F\000e\000a\000t\000u\000r\000e\000\040\000S\000c\000h\000e\000m\000a}{section.4.1}% 69
\BOOKMARK [2][-]{subsection.4.1.4}{\376\377\000A\000t\000t\000a\000c\000k\000\040\000C\000a\000t\000e\000g\000o\000r\000i\000e\000s}{section.4.1}% 70
\BOOKMARK [2][-]{subsection.4.1.5}{\376\377\000R\000a\000w\000\040\000L\000a\000b\000e\000l\000\040\000D\000i\000s\000t\000r\000i\000b\000u\000t\000i\000o\000n}{section.4.1}% 71
\BOOKMARK [1][-]{section.4.2}{\376\377\000P\000r\000e\000p\000r\000o\000c\000e\000s\000s\000i\000n\000g\000\040\000P\000i\000p\000e\000l\000i\000n\000e}{chapter.4}% 72
\BOOKMARK [2][-]{subsection.4.2.1}{\376\377\000S\000t\000a\000g\000e\000\040\0001\000:\000\040\000D\000a\000t\000a\000\040\000C\000o\000n\000s\000o\000l\000i\000d\000a\000t\000i\000o\000n}{section.4.2}% 73
\BOOKMARK [2][-]{subsection.4.2.2}{\376\377\000S\000t\000a\000g\000e\000\040\0002\000:\000\040\000C\000o\000l\000u\000m\000n\000\040\000N\000a\000m\000e\000\040\000a\000n\000d\000\040\000S\000t\000r\000i\000n\000g\000\040\000V\000a\000l\000u\000e\000\040\000C\000l\000e\000a\000n\000i\000n\000g}{section.4.2}% 74
\BOOKMARK [2][-]{subsection.4.2.3}{\376\377\000S\000t\000a\000g\000e\000\040\0003\000:\000\040\000I\000d\000e\000n\000t\000i\000f\000i\000e\000r\000\040\000C\000o\000l\000u\000m\000n\000\040\000R\000e\000m\000o\000v\000a\000l}{section.4.2}% 75
\BOOKMARK [2][-]{subsection.4.2.4}{\376\377\000S\000t\000a\000g\000e\000\040\0004\000:\000\040\000B\000i\000n\000a\000r\000y\000\040\000L\000a\000b\000e\000l\000\040\000E\000n\000c\000o\000d\000i\000n\000g}{section.4.2}% 76
\BOOKMARK [2][-]{subsection.4.2.5}{\376\377\000S\000t\000a\000g\000e\000\040\0005\000:\000\040\000H\000a\000n\000d\000l\000i\000n\000g\000\040\000I\000n\000f\000i\000n\000i\000t\000e\000\040\000a\000n\000d\000\040\000M\000i\000s\000s\000i\000n\000g\000\040\000V\000a\000l\000u\000e\000s}{section.4.2}% 77
\BOOKMARK [2][-]{subsection.4.2.6}{\376\377\000S\000t\000a\000g\000e\000\040\0006\000:\000\040\000Z\000e\000r\000o\000-\000V\000a\000r\000i\000a\000n\000c\000e\000\040\000F\000e\000a\000t\000u\000r\000e\000\040\000R\000e\000m\000o\000v\000a\000l}{section.4.2}% 78
\BOOKMARK [2][-]{subsection.4.2.7}{\376\377\000S\000t\000a\000g\000e\000\040\0007\000:\000\040\000N\000e\000a\000r\000-\000C\000o\000n\000s\000t\000a\000n\000t\000\040\000F\000e\000a\000t\000u\000r\000e\000\040\000R\000e\000m\000o\000v\000a\000l}{section.4.2}% 79
\BOOKMARK [2][-]{subsection.4.2.8}{\376\377\000S\000t\000a\000g\000e\000\040\0008\000:\000\040\000C\000o\000r\000r\000e\000l\000a\000t\000i\000o\000n\000-\000B\000a\000s\000e\000d\000\040\000F\000e\000a\000t\000u\000r\000e\000\040\000R\000e\000d\000u\000c\000t\000i\000o\000n}{section.4.2}% 80
\BOOKMARK [2][-]{subsection.4.2.9}{\376\377\000S\000t\000a\000g\000e\000\040\0009\000:\000\040\000P\000r\000e\000p\000r\000o\000c\000e\000s\000s\000i\000n\000g\000\040\000O\000u\000t\000p\000u\000t}{section.4.2}% 81
\BOOKMARK [1][-]{section.4.3}{\376\377\000S\000e\000c\000o\000n\000d\000-\000P\000a\000s\000s\000\040\000C\000l\000e\000a\000n\000i\000n\000g\000\040\000a\000n\000d\000\040\000D\000e\000d\000u\000p\000l\000i\000c\000a\000t\000i\000o\000n}{chapter.4}% 82
\BOOKMARK [2][-]{subsection.4.3.1}{\376\377\000S\000e\000c\000o\000n\000d\000-\000P\000a\000s\000s\000\040\000I\000n\000f\000i\000n\000i\000t\000e\000\040\000a\000n\000d\000\040\000M\000i\000s\000s\000i\000n\000g\000\040\000V\000a\000l\000u\000e\000\040\000C\000h\000e\000c\000k}{section.4.3}% 83
\BOOKMARK [2][-]{subsection.4.3.2}{\376\377\000D\000u\000p\000l\000i\000c\000a\000t\000e\000\040\000R\000o\000w\000\040\000R\000e\000m\000o\000v\000a\000l}{section.4.3}% 84
\BOOKMARK [1][-]{section.4.4}{\376\377\000F\000e\000a\000t\000u\000r\000e\000\040\000S\000c\000a\000l\000i\000n\000g}{chapter.4}% 85
\BOOKMARK [1][-]{section.4.5}{\376\377\000P\000r\000i\000n\000c\000i\000p\000a\000l\000\040\000C\000o\000m\000p\000o\000n\000e\000n\000t\000\040\000A\000n\000a\000l\000y\000s\000i\000s}{chapter.4}% 86
\BOOKMARK [1][-]{section.4.6}{\376\377\000D\000a\000t\000a\000\040\000S\000p\000l\000i\000t\000t\000i\000n\000g}{chapter.4}% 87
\BOOKMARK [2][-]{subsection.4.6.1}{\376\377\000T\000e\000m\000p\000o\000r\000a\000l\000\040\000W\000i\000n\000d\000o\000w\000\040\000C\000o\000n\000s\000t\000r\000u\000c\000t\000i\000o\000n}{section.4.6}% 88
\BOOKMARK [1][-]{section.4.7}{\376\377\000C\000l\000a\000s\000s\000\040\000W\000e\000i\000g\000h\000t\000i\000n\000g}{chapter.4}% 89
\BOOKMARK [1][-]{section.4.8}{\376\377\000P\000r\000e\000p\000r\000o\000c\000e\000s\000s\000i\000n\000g\000\040\000P\000i\000p\000e\000l\000i\000n\000e\000\040\000S\000u\000m\000m\000a\000r\000y}{chapter.4}% 90
\BOOKMARK [0][-]{chapter.5}{\376\377\000T\000C\000N\000\040\000M\000o\000d\000e\000l\000\040\000A\000r\000c\000h\000i\000t\000e\000c\000t\000u\000r\000e}{}% 91
\BOOKMARK [1][-]{section.5.1}{\376\377\000M\000o\000d\000e\000l\000\040\000O\000v\000e\000r\000v\000i\000e\000w}{chapter.5}% 92
\BOOKMARK [1][-]{section.5.2}{\376\377\000R\000e\000s\000i\000d\000u\000a\000l\000\040\000B\000l\000o\000c\000k\000\040\000D\000e\000s\000i\000g\000n}{chapter.5}% 93
\BOOKMARK [2][-]{subsection.5.2.1}{\376\377\000B\000l\000o\000c\000k\000\040\000I\000n\000t\000e\000r\000n\000a\000l\000\040\000S\000t\000r\000u\000c\000t\000u\000r\000e}{section.5.2}% 94
\BOOKMARK [2][-]{subsection.5.2.2}{\376\377\000R\000e\000s\000i\000d\000u\000a\000l\000\040\000S\000k\000i\000p\000\040\000C\000o\000n\000n\000e\000c\000t\000i\000o\000n}{section.5.2}% 95
\BOOKMARK [2][-]{subsection.5.2.3}{\376\377\000B\000l\000o\000c\000k\000\040\000I\000n\000t\000e\000r\000n\000a\000l\000\040\000D\000a\000t\000a\000\040\000F\000l\000o\000w}{section.5.2}% 96
\BOOKMARK [1][-]{section.5.3}{\376\377\000D\000i\000l\000a\000t\000i\000o\000n\000\040\000S\000c\000h\000e\000d\000u\000l\000e}{chapter.5}% 97
\BOOKMARK [1][-]{section.5.4}{\376\377\000C\000l\000a\000s\000s\000i\000f\000i\000c\000a\000t\000i\000o\000n\000\040\000H\000e\000a\000d}{chapter.5}% 98
\BOOKMARK [2][-]{subsection.5.4.1}{\376\377\000G\000l\000o\000b\000a\000l\000\040\000A\000v\000e\000r\000a\000g\000e\000\040\000P\000o\000o\000l\000i\000n\000g}{section.5.4}% 99
\BOOKMARK [2][-]{subsection.5.4.2}{\376\377\000D\000e\000n\000s\000e\000\040\000L\000a\000y\000e\000r\000s}{section.5.4}% 100
\BOOKMARK [2][-]{subsection.5.4.3}{\376\377\000O\000u\000t\000p\000u\000t\000\040\000L\000a\000y\000e\000r}{section.5.4}% 101
\BOOKMARK [1][-]{section.5.5}{\376\377\000H\000y\000p\000e\000r\000p\000a\000r\000a\000m\000e\000t\000e\000r\000\040\000S\000e\000l\000e\000c\000t\000i\000o\000n}{chapter.5}% 102
\BOOKMARK [1][-]{section.5.6}{\376\377\000T\000r\000a\000i\000n\000i\000n\000g\000\040\000C\000o\000n\000f\000i\000g\000u\000r\000a\000t\000i\000o\000n}{chapter.5}% 103
\BOOKMARK [2][-]{subsection.5.6.1}{\376\377\000O\000p\000t\000i\000m\000i\000z\000e\000r}{section.5.6}% 104
\BOOKMARK [2][-]{subsection.5.6.2}{\376\377\000L\000o\000s\000s\000\040\000F\000u\000n\000c\000t\000i\000o\000n}{section.5.6}% 105
\BOOKMARK [2][-]{subsection.5.6.3}{\376\377\000B\000a\000t\000c\000h\000\040\000S\000i\000z\000e}{section.5.6}% 106
\BOOKMARK [2][-]{subsection.5.6.4}{\376\377\000T\000r\000a\000i\000n\000i\000n\000g\000\040\000E\000p\000o\000c\000h\000s\000\040\000a\000n\000d\000\040\000E\000a\000r\000l\000y\000\040\000S\000t\000o\000p\000p\000i\000n\000g}{section.5.6}% 107
\BOOKMARK [2][-]{subsection.5.6.5}{\376\377\000L\000e\000a\000r\000n\000i\000n\000g\000\040\000R\000a\000t\000e\000\040\000S\000c\000h\000e\000d\000u\000l\000i\000n\000g}{section.5.6}% 108
\BOOKMARK [2][-]{subsection.5.6.6}{\376\377\000M\000o\000d\000e\000l\000\040\000C\000h\000e\000c\000k\000p\000o\000i\000n\000t\000i\000n\000g}{section.5.6}% 109
\BOOKMARK [2][-]{subsection.5.6.7}{\376\377\000T\000r\000a\000i\000n\000i\000n\000g\000\040\000M\000e\000t\000r\000i\000c\000s}{section.5.6}% 110
\BOOKMARK [2][-]{subsection.5.6.8}{\376\377\000T\000r\000a\000i\000n\000i\000n\000g\000\040\000C\000o\000n\000f\000i\000g\000u\000r\000a\000t\000i\000o\000n\000\040\000S\000u\000m\000m\000a\000r\000y}{section.5.6}% 111
\BOOKMARK [1][-]{section.5.7}{\376\377\000M\000o\000d\000e\000l\000\040\000C\000o\000m\000p\000l\000e\000x\000i\000t\000y\000\040\000A\000n\000a\000l\000y\000s\000i\000s}{chapter.5}% 112
\BOOKMARK [2][-]{subsection.5.7.1}{\376\377\000P\000a\000r\000a\000m\000e\000t\000e\000r\000\040\000C\000o\000u\000n\000t\000\040\000B\000r\000e\000a\000k\000d\000o\000w\000n}{section.5.7}% 113
\BOOKMARK [2][-]{subsection.5.7.2}{\376\377\000C\000o\000m\000p\000u\000t\000a\000t\000i\000o\000n\000a\000l\000\040\000C\000o\000m\000p\000l\000e\000x\000i\000t\000y}{section.5.7}% 114
\BOOKMARK [2][-]{subsection.5.7.3}{\376\377\000M\000e\000m\000o\000r\000y\000\040\000F\000o\000o\000t\000p\000r\000i\000n\000t}{section.5.7}% 115
\BOOKMARK [1][-]{section.5.8}{\376\377\000W\000e\000i\000g\000h\000t\000\040\000I\000n\000i\000t\000i\000a\000l\000i\000z\000a\000t\000i\000o\000n}{chapter.5}% 116
\BOOKMARK [1][-]{section.5.9}{\376\377\000C\000h\000a\000p\000t\000e\000r\000\040\000S\000u\000m\000m\000a\000r\000y}{chapter.5}% 117
\BOOKMARK [0][-]{chapter.6}{\376\377\000P\000r\000o\000p\000o\000s\000e\000d\000\040\000M\000e\000t\000h\000o\000d\000o\000l\000o\000g\000y\000:\000\040\000T\000C\000N\000-\000H\000M\000A\000C\000\040\000F\000r\000a\000m\000e\000w\000o\000r\000k}{}% 118
\BOOKMARK [1][-]{section.6.1}{\376\377\000S\000y\000s\000t\000e\000m\000\040\000A\000r\000c\000h\000i\000t\000e\000c\000t\000u\000r\000e\000\040\000O\000v\000e\000r\000v\000i\000e\000w}{chapter.6}% 119
\BOOKMARK [1][-]{section.6.2}{\376\377\000T\000C\000N\000-\000B\000a\000s\000e\000d\000\040\000I\000n\000t\000r\000u\000s\000i\000o\000n\000\040\000D\000e\000t\000e\000c\000t\000i\000o\000n\000\040\000M\000o\000d\000u\000l\000e}{chapter.6}% 120
\BOOKMARK [2][-]{subsection.6.2.1}{\376\377\000D\000e\000p\000l\000o\000y\000m\000e\000n\000t\000\040\000A\000r\000c\000h\000i\000t\000e\000c\000t\000u\000r\000e}{section.6.2}% 121
\BOOKMARK [2][-]{subsection.6.2.2}{\376\377\000R\000e\000a\000l\000-\000T\000i\000m\000e\000\040\000I\000n\000f\000e\000r\000e\000n\000c\000e\000\040\000P\000i\000p\000e\000l\000i\000n\000e}{section.6.2}% 122
\BOOKMARK [2][-]{subsection.6.2.3}{\376\377\000R\000e\000s\000p\000o\000n\000s\000e\000\040\000A\000c\000t\000i\000o\000n\000s}{section.6.2}% 123
\BOOKMARK [1][-]{section.6.3}{\376\377\000H\000M\000A\000C\000-\000B\000a\000s\000e\000d\000\040\000C\000o\000m\000m\000u\000n\000i\000c\000a\000t\000i\000o\000n\000\040\000I\000n\000t\000e\000g\000r\000i\000t\000y}{chapter.6}% 124
\BOOKMARK [2][-]{subsection.6.3.1}{\376\377\000T\000h\000r\000e\000a\000t\000\040\000M\000o\000d\000e\000l}{section.6.3}% 125
\BOOKMARK [2][-]{subsection.6.3.2}{\376\377\000H\000M\000A\000C\000\040\000K\000e\000y\000\040\000E\000s\000t\000a\000b\000l\000i\000s\000h\000m\000e\000n\000t\000\040\000P\000r\000o\000t\000o\000c\000o\000l}{section.6.3}% 126
\BOOKMARK [2][-]{subsection.6.3.3}{\376\377\000M\000e\000s\000s\000a\000g\000e\000\040\000A\000u\000t\000h\000e\000n\000t\000i\000c\000a\000t\000i\000o\000n}{section.6.3}% 127
\BOOKMARK [2][-]{subsection.6.3.4}{\376\377\000F\000l\000o\000w\000\040\000R\000u\000l\000e\000\040\000V\000e\000r\000i\000f\000i\000c\000a\000t\000i\000o\000n}{section.6.3}% 128
\BOOKMARK [2][-]{subsection.6.3.5}{\376\377\000C\000h\000a\000l\000l\000e\000n\000g\000e\000-\000R\000e\000s\000p\000o\000n\000s\000e\000\040\000A\000u\000t\000h\000e\000n\000t\000i\000c\000a\000t\000i\000o\000n}{section.6.3}% 129
\BOOKMARK [1][-]{section.6.4}{\376\377\000E\000n\000d\000-\000t\000o\000-\000E\000n\000d\000\040\000O\000p\000e\000r\000a\000t\000i\000o\000n\000a\000l\000\040\000W\000o\000r\000k\000f\000l\000o\000w}{chapter.6}% 130
\BOOKMARK [2][-]{subsection.6.4.1}{\376\377\000N\000e\000t\000w\000o\000r\000k\000\040\000I\000n\000i\000t\000i\000a\000l\000i\000z\000a\000t\000i\000o\000n\000\040\000P\000h\000a\000s\000e}{section.6.4}% 131
\BOOKMARK [2][-]{subsection.6.4.2}{\376\377\000S\000t\000e\000a\000d\000y\000-\000S\000t\000a\000t\000e\000\040\000O\000p\000e\000r\000a\000t\000i\000o\000n\000\040\000P\000h\000a\000s\000e}{section.6.4}% 132
\BOOKMARK [2][-]{subsection.6.4.3}{\376\377\000P\000e\000r\000i\000o\000d\000i\000c\000\040\000S\000e\000c\000u\000r\000i\000t\000y\000\040\000T\000a\000s\000k\000s}{section.6.4}% 133
\BOOKMARK [1][-]{section.6.5}{\376\377\000S\000e\000c\000u\000r\000i\000t\000y\000\040\000A\000n\000a\000l\000y\000s\000i\000s}{chapter.6}% 134
\BOOKMARK [2][-]{subsection.6.5.1}{\376\377\000R\000e\000s\000i\000s\000t\000a\000n\000c\000e\000\040\000t\000o\000\040\000N\000e\000t\000w\000o\000r\000k\000\040\000I\000n\000t\000r\000u\000s\000i\000o\000n\000s}{section.6.5}% 135
\BOOKMARK [2][-]{subsection.6.5.2}{\376\377\000R\000e\000s\000i\000s\000t\000a\000n\000c\000e\000\040\000t\000o\000\040\000M\000a\000n\000-\000i\000n\000-\000t\000h\000e\000-\000M\000i\000d\000d\000l\000e\000\040\000A\000t\000t\000a\000c\000k\000s}{section.6.5}% 136
\BOOKMARK [2][-]{subsection.6.5.3}{\376\377\000R\000e\000s\000i\000s\000t\000a\000n\000c\000e\000\040\000t\000o\000\040\000C\000o\000n\000t\000r\000o\000l\000l\000e\000r\000/\000S\000w\000i\000t\000c\000h\000\040\000S\000p\000o\000o\000f\000i\000n\000g}{section.6.5}% 137
\BOOKMARK [2][-]{subsection.6.5.4}{\376\377\000R\000e\000s\000i\000s\000t\000a\000n\000c\000e\000\040\000t\000o\000\040\000F\000l\000o\000w\000\040\000R\000u\000l\000e\000\040\000T\000a\000m\000p\000e\000r\000i\000n\000g}{section.6.5}% 138
\BOOKMARK [2][-]{subsection.6.5.5}{\376\377\000H\000M\000A\000C\000\040\000O\000v\000e\000r\000h\000e\000a\000d\000\040\000A\000n\000a\000l\000y\000s\000i\000s}{section.6.5}% 139
\BOOKMARK [1][-]{section.6.6}{\376\377\000C\000o\000m\000p\000a\000r\000i\000s\000o\000n\000\040\000w\000i\000t\000h\000\040\000A\000l\000t\000e\000r\000n\000a\000t\000i\000v\000e\000\040\000A\000p\000p\000r\000o\000a\000c\000h\000e\000s}{chapter.6}% 140
\BOOKMARK [1][-]{section.6.7}{\376\377\000D\000e\000s\000i\000g\000n\000\040\000D\000e\000c\000i\000s\000i\000o\000n\000s\000\040\000a\000n\000d\000\040\000T\000r\000a\000d\000e\000-\000o\000f\000f\000s}{chapter.6}% 141
\BOOKMARK [1][-]{section.6.8}{\376\377\000C\000h\000a\000p\000t\000e\000r\000\040\000S\000u\000m\000m\000a\000r\000y}{chapter.6}% 142
\BOOKMARK [0][-]{chapter.7}{\376\377\000E\000x\000p\000e\000r\000i\000m\000e\000n\000t\000a\000l\000\040\000S\000e\000t\000u\000p}{}% 143
\BOOKMARK [1][-]{section.7.1}{\376\377\000C\000o\000m\000p\000u\000t\000i\000n\000g\000\040\000P\000l\000a\000t\000f\000o\000r\000m}{chapter.7}% 144
\BOOKMARK [1][-]{section.7.2}{\376\377\000S\000o\000f\000t\000w\000a\000r\000e\000\040\000E\000n\000v\000i\000r\000o\000n\000m\000e\000n\000t}{chapter.7}% 145
\BOOKMARK [1][-]{section.7.3}{\376\377\000D\000a\000t\000a\000s\000e\000t\000\040\000P\000r\000e\000p\000a\000r\000a\000t\000i\000o\000n\000\040\000S\000u\000m\000m\000a\000r\000y}{chapter.7}% 146
\BOOKMARK [2][-]{subsection.7.3.1}{\376\377\000D\000a\000t\000a\000\040\000S\000p\000l\000i\000t\000t\000i\000n\000g\000\040\000S\000t\000r\000a\000t\000e\000g\000y}{section.7.3}% 147
\BOOKMARK [2][-]{subsection.7.3.2}{\376\377\000C\000l\000a\000s\000s\000\040\000W\000e\000i\000g\000h\000t\000i\000n\000g}{section.7.3}% 148
\BOOKMARK [1][-]{section.7.4}{\376\377\000I\000n\000p\000u\000t\000\040\000R\000e\000p\000r\000e\000s\000e\000n\000t\000a\000t\000i\000o\000n}{chapter.7}% 149
\BOOKMARK [1][-]{section.7.5}{\376\377\000E\000v\000a\000l\000u\000a\000t\000i\000o\000n\000\040\000M\000e\000t\000r\000i\000c\000s}{chapter.7}% 150
\BOOKMARK [2][-]{subsection.7.5.1}{\376\377\000P\000r\000i\000m\000a\000r\000y\000\040\000M\000e\000t\000r\000i\000c\000s}{section.7.5}% 151
\BOOKMARK [2][-]{subsection.7.5.2}{\376\377\000T\000h\000r\000e\000s\000h\000o\000l\000d\000-\000I\000n\000d\000e\000p\000e\000n\000d\000e\000n\000t\000\040\000M\000e\000t\000r\000i\000c\000s}{section.7.5}% 152
\BOOKMARK [2][-]{subsection.7.5.3}{\376\377\000S\000e\000c\000u\000r\000i\000t\000y\000-\000S\000p\000e\000c\000i\000f\000i\000c\000\040\000M\000e\000t\000r\000i\000c\000s}{section.7.5}% 153
\BOOKMARK [2][-]{subsection.7.5.4}{\376\377\000C\000o\000n\000f\000u\000s\000i\000o\000n\000\040\000M\000a\000t\000r\000i\000x}{section.7.5}% 154
\BOOKMARK [1][-]{section.7.6}{\376\377\000B\000a\000s\000e\000l\000i\000n\000e\000\040\000M\000o\000d\000e\000l\000s}{chapter.7}% 155
\BOOKMARK [1][-]{section.7.7}{\376\377\000R\000e\000p\000r\000o\000d\000u\000c\000i\000b\000i\000l\000i\000t\000y}{chapter.7}% 156
\BOOKMARK [1][-]{section.7.8}{\376\377\000E\000x\000p\000e\000r\000i\000m\000e\000n\000t\000a\000l\000\040\000P\000r\000o\000c\000e\000d\000u\000r\000e}{chapter.7}% 157
\BOOKMARK [1][-]{section.7.9}{\376\377\000C\000h\000a\000p\000t\000e\000r\000\040\000S\000u\000m\000m\000a\000r\000y}{chapter.7}% 158
\BOOKMARK [0][-]{chapter.8}{\376\377\000R\000e\000s\000u\000l\000t\000s\000\040\000a\000n\000d\000\040\000A\000n\000a\000l\000y\000s\000i\000s}{}% 159
\BOOKMARK [1][-]{section.8.1}{\376\377\000T\000r\000a\000i\000n\000i\000n\000g\000\040\000D\000y\000n\000a\000m\000i\000c\000s}{chapter.8}% 160
\BOOKMARK [2][-]{subsection.8.1.1}{\376\377\000C\000o\000n\000v\000e\000r\000g\000e\000n\000c\000e\000\040\000B\000e\000h\000a\000v\000i\000o\000r}{section.8.1}% 161
\BOOKMARK [2][-]{subsection.8.1.2}{\376\377\000T\000r\000a\000i\000n\000i\000n\000g\000\040\000a\000n\000d\000\040\000V\000a\000l\000i\000d\000a\000t\000i\000o\000n\000\040\000L\000o\000s\000s}{section.8.1}% 162
\BOOKMARK [2][-]{subsection.8.1.3}{\376\377\000T\000r\000a\000i\000n\000i\000n\000g\000\040\000a\000n\000d\000\040\000V\000a\000l\000i\000d\000a\000t\000i\000o\000n\000\040\000A\000c\000c\000u\000r\000a\000c\000y}{section.8.1}% 163
\BOOKMARK [2][-]{subsection.8.1.4}{\376\377\000L\000e\000a\000r\000n\000i\000n\000g\000\040\000R\000a\000t\000e\000\040\000S\000c\000h\000e\000d\000u\000l\000e}{section.8.1}% 164
\BOOKMARK [1][-]{section.8.2}{\376\377\000T\000e\000s\000t\000\040\000S\000e\000t\000\040\000P\000e\000r\000f\000o\000r\000m\000a\000n\000c\000e}{chapter.8}% 165
\BOOKMARK [1][-]{section.8.3}{\376\377\000C\000o\000n\000f\000u\000s\000i\000o\000n\000\040\000M\000a\000t\000r\000i\000x\000\040\000A\000n\000a\000l\000y\000s\000i\000s}{chapter.8}% 166
\BOOKMARK [2][-]{subsection.8.3.1}{\376\377\000T\000r\000u\000e\000\040\000P\000o\000s\000i\000t\000i\000v\000e\000s\000\040\000\050\000T\000P\000\040\000=\000\040\0002\0003\000,\0007\0003\0007\000\051}{section.8.3}% 167
\BOOKMARK [2][-]{subsection.8.3.2}{\376\377\000T\000r\000u\000e\000\040\000N\000e\000g\000a\000t\000i\000v\000e\000s\000\040\000\050\000T\000N\000\040\000=\000\040\0001\0002\000,\0007\0007\0006\000\051}{section.8.3}% 168
\BOOKMARK [2][-]{subsection.8.3.3}{\376\377\000F\000a\000l\000s\000e\000\040\000P\000o\000s\000i\000t\000i\000v\000e\000s\000\040\000\050\000F\000P\000\040\000=\000\040\0004\0007\000\051}{section.8.3}% 169
\BOOKMARK [2][-]{subsection.8.3.4}{\376\377\000F\000a\000l\000s\000e\000\040\000N\000e\000g\000a\000t\000i\000v\000e\000s\000\040\000\050\000F\000N\000\040\000=\000\040\0007\000\051}{section.8.3}% 170
\BOOKMARK [2][-]{subsection.8.3.5}{\376\377\000E\000r\000r\000o\000r\000\040\000R\000a\000t\000e\000\040\000D\000i\000s\000t\000r\000i\000b\000u\000t\000i\000o\000n}{section.8.3}% 171
\BOOKMARK [1][-]{section.8.4}{\376\377\000P\000e\000r\000-\000C\000l\000a\000s\000s\000\040\000P\000e\000r\000f\000o\000r\000m\000a\000n\000c\000e}{chapter.8}% 172
\BOOKMARK [1][-]{section.8.5}{\376\377\000R\000O\000C\000-\000A\000U\000C\000\040\000A\000n\000a\000l\000y\000s\000i\000s}{chapter.8}% 173
\BOOKMARK [1][-]{section.8.6}{\376\377\000S\000e\000c\000u\000r\000i\000t\000y\000-\000S\000p\000e\000c\000i\000f\000i\000c\000\040\000M\000e\000t\000r\000i\000c\000s}{chapter.8}% 174
\BOOKMARK [1][-]{section.8.7}{\376\377\000T\000r\000a\000i\000n\000i\000n\000g\000\040\000E\000f\000f\000i\000c\000i\000e\000n\000c\000y}{chapter.8}% 175
\BOOKMARK [1][-]{section.8.8}{\376\377\000H\000M\000A\000C\000\040\000P\000e\000r\000f\000o\000r\000m\000a\000n\000c\000e\000\040\000A\000n\000a\000l\000y\000s\000i\000s}{chapter.8}% 176
\BOOKMARK [2][-]{subsection.8.8.1}{\376\377\000C\000o\000m\000p\000u\000t\000a\000t\000i\000o\000n\000a\000l\000\040\000O\000v\000e\000r\000h\000e\000a\000d}{section.8.8}% 177
\BOOKMARK [2][-]{subsection.8.8.2}{\376\377\000A\000u\000x\000i\000l\000i\000a\000r\000y\000\040\000A\000g\000e\000n\000t\000\040\000S\000y\000s\000t\000e\000m\000\040\000O\000v\000e\000r\000h\000e\000a\000d}{section.8.8}% 178
\BOOKMARK [2][-]{subsection.8.8.3}{\376\377\000B\000a\000n\000d\000w\000i\000d\000t\000h\000\040\000O\000v\000e\000r\000h\000e\000a\000d}{section.8.8}% 179
\BOOKMARK [2][-]{subsection.8.8.4}{\376\377\000C\000o\000m\000b\000i\000n\000e\000d\000\040\000T\000C\000N\000-\000H\000M\000A\000C\000\040\000L\000a\000t\000e\000n\000c\000y}{section.8.8}% 180
\BOOKMARK [1][-]{section.8.9}{\376\377\000S\000t\000a\000t\000i\000s\000t\000i\000c\000a\000l\000\040\000S\000i\000g\000n\000i\000f\000i\000c\000a\000n\000c\000e}{chapter.8}% 181
\BOOKMARK [1][-]{section.8.10}{\376\377\000D\000i\000s\000c\000u\000s\000s\000i\000o\000n\000\040\000o\000f\000\040\000L\000i\000m\000i\000t\000a\000t\000i\000o\000n\000s}{chapter.8}% 182
\BOOKMARK [1][-]{section.8.11}{\376\377\000C\000h\000a\000p\000t\000e\000r\000\040\000S\000u\000m\000m\000a\000r\000y}{chapter.8}% 183
\BOOKMARK [0][-]{chapter.9}{\376\377\000C\000o\000m\000p\000a\000r\000a\000t\000i\000v\000e\000\040\000A\000n\000a\000l\000y\000s\000i\000s}{}% 184
\BOOKMARK [1][-]{section.9.1}{\376\377\000P\000e\000r\000f\000o\000r\000m\000a\000n\000c\000e\000\040\000C\000o\000m\000p\000a\000r\000i\000s\000o\000n\000\040\000w\000i\000t\000h\000\040\000E\000x\000i\000s\000t\000i\000n\000g\000\040\000I\000D\000S\000\040\000M\000o\000d\000e\000l\000s}{chapter.9}% 185
\BOOKMARK [2][-]{subsection.9.1.1}{\376\377\000A\000n\000a\000l\000y\000s\000i\000s\000\040\000o\000f\000\040\000C\000o\000m\000p\000a\000r\000a\000t\000i\000v\000e\000\040\000R\000e\000s\000u\000l\000t\000s}{section.9.1}% 186
\BOOKMARK [1][-]{section.9.2}{\376\377\000A\000r\000c\000h\000i\000t\000e\000c\000t\000u\000r\000a\000l\000\040\000C\000o\000m\000p\000a\000r\000i\000s\000o\000n}{chapter.9}% 187
\BOOKMARK [2][-]{subsection.9.2.1}{\376\377\000P\000a\000r\000a\000m\000e\000t\000e\000r\000\040\000E\000f\000f\000i\000c\000i\000e\000n\000c\000y}{section.9.2}% 188
\BOOKMARK [2][-]{subsection.9.2.2}{\376\377\000I\000n\000f\000e\000r\000e\000n\000c\000e\000\040\000S\000p\000e\000e\000d}{section.9.2}% 189
\BOOKMARK [2][-]{subsection.9.2.3}{\376\377\000G\000r\000a\000d\000i\000e\000n\000t\000\040\000S\000t\000a\000b\000i\000l\000i\000t\000y}{section.9.2}% 190
\BOOKMARK [2][-]{subsection.9.2.4}{\376\377\000C\000o\000m\000m\000u\000n\000i\000c\000a\000t\000i\000o\000n\000\040\000A\000u\000t\000h\000e\000n\000t\000i\000c\000a\000t\000i\000o\000n}{section.9.2}% 191
\BOOKMARK [1][-]{section.9.3}{\376\377\000C\000o\000m\000p\000a\000r\000i\000s\000o\000n\000\040\000w\000i\000t\000h\000\040\000S\000D\000N\000\040\000S\000e\000c\000u\000r\000i\000t\000y\000\040\000F\000r\000a\000m\000e\000w\000o\000r\000k\000s}{chapter.9}% 192
\BOOKMARK [2][-]{subsection.9.3.1}{\376\377\000v\000s\000.\000\040\000H\000M\000A\000C\000-\000O\000n\000l\000y\000\040\000A\000p\000p\000r\000o\000a\000c\000h\000e\000s}{section.9.3}% 193
\BOOKMARK [2][-]{subsection.9.3.2}{\376\377\000v\000s\000.\000\040\000B\000l\000o\000c\000k\000c\000h\000a\000i\000n\000-\000B\000a\000s\000e\000d\000\040\000A\000p\000p\000r\000o\000a\000c\000h\000e\000s}{section.9.3}% 194
\BOOKMARK [2][-]{subsection.9.3.3}{\376\377\000v\000s\000.\000\040\000T\000L\000S\000-\000O\000n\000l\000y\000\040\000A\000p\000p\000r\000o\000a\000c\000h\000e\000s}{section.9.3}% 195
\BOOKMARK [1][-]{section.9.4}{\376\377\000A\000d\000v\000a\000n\000t\000a\000g\000e\000\040\000S\000u\000m\000m\000a\000r\000y}{chapter.9}% 196
\BOOKMARK [1][-]{section.9.5}{\376\377\000P\000a\000p\000e\000r\000s\000\040\000f\000o\000r\000\040\000F\000u\000r\000t\000h\000e\000r\000\040\000C\000o\000m\000p\000a\000r\000i\000s\000o\000n}{chapter.9}% 197
\BOOKMARK [1][-]{section.9.6}{\376\377\000C\000h\000a\000p\000t\000e\000r\000\040\000S\000u\000m\000m\000a\000r\000y}{chapter.9}% 198
\BOOKMARK [0][-]{chapter.10}{\376\377\000C\000o\000n\000c\000l\000u\000s\000i\000o\000n\000\040\000a\000n\000d\000\040\000F\000u\000t\000u\000r\000e\000\040\000W\000o\000r\000k}{}% 199
\BOOKMARK [1][-]{section.10.1}{\376\377\000S\000u\000m\000m\000a\000r\000y\000\040\000o\000f\000\040\000R\000e\000s\000e\000a\000r\000c\000h}{chapter.10}% 200
\BOOKMARK [1][-]{section.10.2}{\376\377\000K\000e\000y\000\040\000F\000i\000n\000d\000i\000n\000g\000s}{chapter.10}% 201
\BOOKMARK [2][-]{subsection.10.2.1}{\376\377\000H\000i\000g\000h\000\040\000D\000e\000t\000e\000c\000t\000i\000o\000n\000\040\000P\000e\000r\000f\000o\000r\000m\000a\000n\000c\000e}{section.10.2}% 202
\BOOKMARK [2][-]{subsection.10.2.2}{\376\377\000C\000o\000m\000p\000u\000t\000a\000t\000i\000o\000n\000a\000l\000\040\000E\000f\000f\000i\000c\000i\000e\000n\000c\000y}{section.10.2}% 203
\BOOKMARK [2][-]{subsection.10.2.3}{\376\377\000D\000u\000a\000l\000\040\000S\000e\000c\000u\000r\000i\000t\000y\000\040\000C\000o\000v\000e\000r\000a\000g\000e}{section.10.2}% 204
\BOOKMARK [2][-]{subsection.10.2.4}{\376\377\000T\000C\000N\000\040\000A\000r\000c\000h\000i\000t\000e\000c\000t\000u\000r\000e\000\040\000A\000d\000v\000a\000n\000t\000a\000g\000e\000s}{section.10.2}% 205
\BOOKMARK [1][-]{section.10.3}{\376\377\000R\000e\000s\000e\000a\000r\000c\000h\000\040\000C\000o\000n\000t\000r\000i\000b\000u\000t\000i\000o\000n\000s}{chapter.10}% 206
\BOOKMARK [1][-]{section.10.4}{\376\377\000P\000r\000a\000c\000t\000i\000c\000a\000l\000\040\000I\000m\000p\000l\000i\000c\000a\000t\000i\000o\000n\000s}{chapter.10}% 207
\BOOKMARK [1][-]{section.10.5}{\376\377\000L\000i\000m\000i\000t\000a\000t\000i\000o\000n\000s}{chapter.10}% 208
\BOOKMARK [1][-]{section.10.6}{\376\377\000F\000u\000t\000u\000r\000e\000\040\000W\000o\000r\000k}{chapter.10}% 209
\BOOKMARK [2][-]{subsection.10.6.1}{\376\377\000M\000u\000l\000t\000i\000-\000D\000a\000t\000a\000s\000e\000t\000\040\000E\000v\000a\000l\000u\000a\000t\000i\000o\000n}{section.10.6}% 210
\BOOKMARK [2][-]{subsection.10.6.2}{\376\377\000M\000u\000l\000t\000i\000-\000C\000l\000a\000s\000s\000\040\000C\000l\000a\000s\000s\000i\000f\000i\000c\000a\000t\000i\000o\000n}{section.10.6}% 211
\BOOKMARK [2][-]{subsection.10.6.3}{\376\377\000A\000d\000v\000e\000r\000s\000a\000r\000i\000a\000l\000\040\000R\000o\000b\000u\000s\000t\000n\000e\000s\000s}{section.10.6}% 212
\BOOKMARK [2][-]{subsection.10.6.4}{\376\377\000F\000e\000d\000e\000r\000a\000t\000e\000d\000\040\000L\000e\000a\000r\000n\000i\000n\000g}{section.10.6}% 213
\BOOKMARK [2][-]{subsection.10.6.5}{\376\377\000O\000n\000l\000i\000n\000e\000\040\000L\000e\000a\000r\000n\000i\000n\000g}{section.10.6}% 214
\BOOKMARK [2][-]{subsection.10.6.6}{\376\377\000H\000M\000A\000C\000\040\000I\000m\000p\000l\000e\000m\000e\000n\000t\000a\000t\000i\000o\000n\000\040\000a\000n\000d\000\040\000B\000e\000n\000c\000h\000m\000a\000r\000k\000i\000n\000g}{section.10.6}% 215
\BOOKMARK [2][-]{subsection.10.6.7}{\376\377\000M\000o\000d\000e\000l\000\040\000O\000p\000t\000i\000m\000i\000z\000a\000t\000i\000o\000n\000\040\000f\000o\000r\000\040\000E\000d\000g\000e\000\040\000D\000e\000p\000l\000o\000y\000m\000e\000n\000t}{section.10.6}% 216
\BOOKMARK [2][-]{subsection.10.6.8}{\376\377\000E\000x\000p\000l\000a\000i\000n\000a\000b\000l\000e\000\040\000A\000I\000\040\000I\000n\000t\000e\000g\000r\000a\000t\000i\000o\000n}{section.10.6}% 217
\BOOKMARK [1][-]{section.10.7}{\376\377\000C\000o\000n\000c\000l\000u\000d\000i\000n\000g\000\040\000R\000e\000m\000a\000r\000k\000s}{chapter.10}% 218
\BOOKMARK [0][-]{section.10.7}{\376\377\000R\000e\000f\000e\000r\000e\000n\000c\000e\000s}{}% 219
